<?xml version="1.0" encoding="UTF-8"?>
<!-- Generated by org.testng.reporters.JUnitReportReporter -->
<testsuite hostname="DESKTOP-O7R6489" failures="0" tests="1000" name="testngflags.Flag3" time="0.531" errors="0" timestamp="2022-06-04T17:54:09 IST" skipped="0">
  <testcase classname="testngflags.Flag3" name="login" time="0.000"/>
  <system-out>
    <![CDATA[inconsisten bug]]>
  </system-out>
  <testcase classname="testngflags.Flag3" name="login" time="0.000"/>
  <system-out>
    <![CDATA[inconsisten bug]]>
  </system-out>
  <testcase classname="testngflags.Flag3" name="login" time="0.002"/>
  <system-out>
    <![CDATA[inconsisten bug]]>
  </system-out>
  <testcase classname="testngflags.Flag3" name="login" time="0.001"/>
  <system-out>
    <![CDATA[inconsisten bug]]>
  </system-out>
  <testcase classname="testngflags.Flag3" name="login" time="0.001"/>
  <system-out>
    <![CDATA[inconsisten bug]]>
  </system-out>
  <testcase classname="testngflags.Flag3" name="login" time="0.020"/>
  <system-out>
    <![CDATA[inconsisten bug]]>
  </system-out>
  <testcase classname="testngflags.Flag3" name="login" time="0.001"/>
  <system-out>
    <![CDATA[inconsisten bug]]>
  </system-out>
  <testcase classname="testngflags.Flag3" name="login" time="0.001"/>
  <system-out>
    <![CDATA[inconsisten bug]]>
  </system-out>
  <testcase classname="testngflags.Flag3" name="login" time="0.001"/>
  <system-out>
    <![CDATA[inconsisten bug]]>
  </system-out>
  <testcase classname="testngflags.Flag3" name="login" time="0.000"/>
  <system-out>
    <![CDATA[inconsisten bug]]>
  </system-out>
  <testcase classname="testngflags.Flag3" name="login" time="0.000"/>
  <system-out>
    <![CDATA[inconsisten bug]]>
  </system-out>
  <testcase classname="testngflags.Flag3" name="login" time="0.000"/>
  <system-out>
    <![CDATA[inconsisten bug]]>
  </system-out>
  <testcase classname="testngflags.Flag3" name="login" time="0.001"/>
  <system-out>
    <![CDATA[inconsisten bug]]>
  </system-out>
  <testcase classname="testngflags.Flag3" name="login" time="0.001"/>
  <system-out>
    <![CDATA[inconsisten bug]]>
  </system-out>
  <testcase classname="testngflags.Flag3" name="login" time="0.000"/>
  <system-out>
    <![CDATA[inconsisten bug]]>
  </system-out>
  <testcase classname="testngflags.Flag3" name="login" time="0.000"/>
  <system-out>
    <![CDATA[inconsisten bug]]>
  </system-out>
  <testcase classname="testngflags.Flag3" name="login" time="0.001"/>
  <system-out>
    <![CDATA[inconsisten bug]]>
  </system-out>
  <testcase classname="testngflags.Flag3" name="login" time="0.000"/>
  <system-out>
    <![CDATA[inconsisten bug]]>
  </system-out>
  <testcase classname="testngflags.Flag3" name="login" time="0.000"/>
  <system-out>
    <![CDATA[inconsisten bug]]>
  </system-out>
  <testcase classname="testngflags.Flag3" name="login" time="0.001"/>
  <system-out>
    <![CDATA[inconsisten bug]]>
  </system-out>
  <testcase classname="testngflags.Flag3" name="login" time="0.000"/>
  <system-out>
    <![CDATA[inconsisten bug]]>
  </system-out>
  <testcase classname="testngflags.Flag3" name="login" time="0.002"/>
  <system-out>
    <![CDATA[inconsisten bug]]>
  </system-out>
  <testcase classname="testngflags.Flag3" name="login" time="0.001"/>
  <system-out>
    <![CDATA[inconsisten bug]]>
  </system-out>
  <testcase classname="testngflags.Flag3" name="login" time="0.001"/>
  <system-out>
    <![CDATA[inconsisten bug]]>
  </system-out>
  <testcase classname="testngflags.Flag3" name="login" time="0.000"/>
  <system-out>
    <![CDATA[inconsisten bug]]>
  </system-out>
  <testcase classname="testngflags.Flag3" name="login" time="0.000"/>
  <system-out>
    <![CDATA[inconsisten bug]]>
  </system-out>
  <testcase classname="testngflags.Flag3" name="login" time="0.000"/>
  <system-out>
    <![CDATA[inconsisten bug]]>
  </system-out>
  <testcase classname="testngflags.Flag3" name="login" time="0.001"/>
  <system-out>
    <![CDATA[inconsisten bug]]>
  </system-out>
  <testcase classname="testngflags.Flag3" name="login" time="0.000"/>
  <system-out>
    <![CDATA[inconsisten bug]]>
  </system-out>
  <testcase classname="testngflags.Flag3" name="login" time="0.001"/>
  <system-out>
    <![CDATA[inconsisten bug]]>
  </system-out>
  <testcase classname="testngflags.Flag3" name="login" time="0.001"/>
  <system-out>
    <![CDATA[inconsisten bug]]>
  </system-out>
  <testcase classname="testngflags.Flag3" name="login" time="0.000"/>
  <system-out>
    <![CDATA[inconsisten bug]]>
  </system-out>
  <testcase classname="testngflags.Flag3" name="login" time="0.000"/>
  <system-out>
    <![CDATA[inconsisten bug]]>
  </system-out>
  <testcase classname="testngflags.Flag3" name="login" time="0.001"/>
  <system-out>
    <![CDATA[inconsisten bug]]>
  </system-out>
  <testcase classname="testngflags.Flag3" name="login" time="0.000"/>
  <system-out>
    <![CDATA[inconsisten bug]]>
  </system-out>
  <testcase classname="testngflags.Flag3" name="login" time="0.001"/>
  <system-out>
    <![CDATA[inconsisten bug]]>
  </system-out>
  <testcase classname="testngflags.Flag3" name="login" time="0.000"/>
  <system-out>
    <![CDATA[inconsisten bug]]>
  </system-out>
  <testcase classname="testngflags.Flag3" name="login" time="0.001"/>
  <system-out>
    <![CDATA[inconsisten bug]]>
  </system-out>
  <testcase classname="testngflags.Flag3" name="login" time="0.001"/>
  <system-out>
    <![CDATA[inconsisten bug]]>
  </system-out>
  <testcase classname="testngflags.Flag3" name="login" time="0.000"/>
  <system-out>
    <![CDATA[inconsisten bug]]>
  </system-out>
  <testcase classname="testngflags.Flag3" name="login" time="0.001"/>
  <system-out>
    <![CDATA[inconsisten bug]]>
  </system-out>
  <testcase classname="testngflags.Flag3" name="login" time="0.000"/>
  <system-out>
    <![CDATA[inconsisten bug]]>
  </system-out>
  <testcase classname="testngflags.Flag3" name="login" time="0.000"/>
  <system-out>
    <![CDATA[inconsisten bug]]>
  </system-out>
  <testcase classname="testngflags.Flag3" name="login" time="0.001"/>
  <system-out>
    <![CDATA[inconsisten bug]]>
  </system-out>
  <testcase classname="testngflags.Flag3" name="login" time="0.000"/>
  <system-out>
    <![CDATA[inconsisten bug]]>
  </system-out>
  <testcase classname="testngflags.Flag3" name="login" time="0.000"/>
  <system-out>
    <![CDATA[inconsisten bug]]>
  </system-out>
  <testcase classname="testngflags.Flag3" name="login" time="0.000"/>
  <system-out>
    <![CDATA[inconsisten bug]]>
  </system-out>
  <testcase classname="testngflags.Flag3" name="login" time="0.001"/>
  <system-out>
    <![CDATA[inconsisten bug]]>
  </system-out>
  <testcase classname="testngflags.Flag3" name="login" time="0.000"/>
  <system-out>
    <![CDATA[inconsisten bug]]>
  </system-out>
  <testcase classname="testngflags.Flag3" name="login" time="0.000"/>
  <system-out>
    <![CDATA[inconsisten bug]]>
  </system-out>
  <testcase classname="testngflags.Flag3" name="login" time="0.000"/>
  <system-out>
    <![CDATA[inconsisten bug]]>
  </system-out>
  <testcase classname="testngflags.Flag3" name="login" time="0.000"/>
  <system-out>
    <![CDATA[inconsisten bug]]>
  </system-out>
  <testcase classname="testngflags.Flag3" name="login" time="0.000"/>
  <system-out>
    <![CDATA[inconsisten bug]]>
  </system-out>
  <testcase classname="testngflags.Flag3" name="login" time="0.000"/>
  <system-out>
    <![CDATA[inconsisten bug]]>
  </system-out>
  <testcase classname="testngflags.Flag3" name="login" time="0.000"/>
  <system-out>
    <![CDATA[inconsisten bug]]>
  </system-out>
  <testcase classname="testngflags.Flag3" name="login" time="0.001"/>
  <system-out>
    <![CDATA[inconsisten bug]]>
  </system-out>
  <testcase classname="testngflags.Flag3" name="login" time="0.000"/>
  <system-out>
    <![CDATA[inconsisten bug]]>
  </system-out>
  <testcase classname="testngflags.Flag3" name="login" time="0.000"/>
  <system-out>
    <![CDATA[inconsisten bug]]>
  </system-out>
  <testcase classname="testngflags.Flag3" name="login" time="0.000"/>
  <system-out>
    <![CDATA[inconsisten bug]]>
  </system-out>
  <testcase classname="testngflags.Flag3" name="login" time="0.000"/>
  <system-out>
    <![CDATA[inconsisten bug]]>
  </system-out>
  <testcase classname="testngflags.Flag3" name="login" time="0.000"/>
  <system-out>
    <![CDATA[inconsisten bug]]>
  </system-out>
  <testcase classname="testngflags.Flag3" name="login" time="0.000"/>
  <system-out>
    <![CDATA[inconsisten bug]]>
  </system-out>
  <testcase classname="testngflags.Flag3" name="login" time="0.000"/>
  <system-out>
    <![CDATA[inconsisten bug]]>
  </system-out>
  <testcase classname="testngflags.Flag3" name="login" time="0.002"/>
  <system-out>
    <![CDATA[inconsisten bug]]>
  </system-out>
  <testcase classname="testngflags.Flag3" name="login" time="0.000"/>
  <system-out>
    <![CDATA[inconsisten bug]]>
  </system-out>
  <testcase classname="testngflags.Flag3" name="login" time="0.000"/>
  <system-out>
    <![CDATA[inconsisten bug]]>
  </system-out>
  <testcase classname="testngflags.Flag3" name="login" time="0.000"/>
  <system-out>
    <![CDATA[inconsisten bug]]>
  </system-out>
  <testcase classname="testngflags.Flag3" name="login" time="0.002"/>
  <system-out>
    <![CDATA[inconsisten bug]]>
  </system-out>
  <testcase classname="testngflags.Flag3" name="login" time="0.001"/>
  <system-out>
    <![CDATA[inconsisten bug]]>
  </system-out>
  <testcase classname="testngflags.Flag3" name="login" time="0.000"/>
  <system-out>
    <![CDATA[inconsisten bug]]>
  </system-out>
  <testcase classname="testngflags.Flag3" name="login" time="0.000"/>
  <system-out>
    <![CDATA[inconsisten bug]]>
  </system-out>
  <testcase classname="testngflags.Flag3" name="login" time="0.000"/>
  <system-out>
    <![CDATA[inconsisten bug]]>
  </system-out>
  <testcase classname="testngflags.Flag3" name="login" time="0.000"/>
  <system-out>
    <![CDATA[inconsisten bug]]>
  </system-out>
  <testcase classname="testngflags.Flag3" name="login" time="0.001"/>
  <system-out>
    <![CDATA[inconsisten bug]]>
  </system-out>
  <testcase classname="testngflags.Flag3" name="login" time="0.001"/>
  <system-out>
    <![CDATA[inconsisten bug]]>
  </system-out>
  <testcase classname="testngflags.Flag3" name="login" time="0.000"/>
  <system-out>
    <![CDATA[inconsisten bug]]>
  </system-out>
  <testcase classname="testngflags.Flag3" name="login" time="0.001"/>
  <system-out>
    <![CDATA[inconsisten bug]]>
  </system-out>
  <testcase classname="testngflags.Flag3" name="login" time="0.001"/>
  <system-out>
    <![CDATA[inconsisten bug]]>
  </system-out>
  <testcase classname="testngflags.Flag3" name="login" time="0.000"/>
  <system-out>
    <![CDATA[inconsisten bug]]>
  </system-out>
  <testcase classname="testngflags.Flag3" name="login" time="0.001"/>
  <system-out>
    <![CDATA[inconsisten bug]]>
  </system-out>
  <testcase classname="testngflags.Flag3" name="login" time="0.000"/>
  <system-out>
    <![CDATA[inconsisten bug]]>
  </system-out>
  <testcase classname="testngflags.Flag3" name="login" time="0.000"/>
  <system-out>
    <![CDATA[inconsisten bug]]>
  </system-out>
  <testcase classname="testngflags.Flag3" name="login" time="0.001"/>
  <system-out>
    <![CDATA[inconsisten bug]]>
  </system-out>
  <testcase classname="testngflags.Flag3" name="login" time="0.000"/>
  <system-out>
    <![CDATA[inconsisten bug]]>
  </system-out>
  <testcase classname="testngflags.Flag3" name="login" time="0.000"/>
  <system-out>
    <![CDATA[inconsisten bug]]>
  </system-out>
  <testcase classname="testngflags.Flag3" name="login" time="0.000"/>
  <system-out>
    <![CDATA[inconsisten bug]]>
  </system-out>
  <testcase classname="testngflags.Flag3" name="login" time="0.001"/>
  <system-out>
    <![CDATA[inconsisten bug]]>
  </system-out>
  <testcase classname="testngflags.Flag3" name="login" time="0.000"/>
  <system-out>
    <![CDATA[inconsisten bug]]>
  </system-out>
  <testcase classname="testngflags.Flag3" name="login" time="0.001"/>
  <system-out>
    <![CDATA[inconsisten bug]]>
  </system-out>
  <testcase classname="testngflags.Flag3" name="login" time="0.000"/>
  <system-out>
    <![CDATA[inconsisten bug]]>
  </system-out>
  <testcase classname="testngflags.Flag3" name="login" time="0.000"/>
  <system-out>
    <![CDATA[inconsisten bug]]>
  </system-out>
  <testcase classname="testngflags.Flag3" name="login" time="0.000"/>
  <system-out>
    <![CDATA[inconsisten bug]]>
  </system-out>
  <testcase classname="testngflags.Flag3" name="login" time="0.001"/>
  <system-out>
    <![CDATA[inconsisten bug]]>
  </system-out>
  <testcase classname="testngflags.Flag3" name="login" time="0.001"/>
  <system-out>
    <![CDATA[inconsisten bug]]>
  </system-out>
  <testcase classname="testngflags.Flag3" name="login" time="0.000"/>
  <system-out>
    <![CDATA[inconsisten bug]]>
  </system-out>
  <testcase classname="testngflags.Flag3" name="login" time="0.001"/>
  <system-out>
    <![CDATA[inconsisten bug]]>
  </system-out>
  <testcase classname="testngflags.Flag3" name="login" time="0.001"/>
  <system-out>
    <![CDATA[inconsisten bug]]>
  </system-out>
  <testcase classname="testngflags.Flag3" name="login" time="0.001"/>
  <system-out>
    <![CDATA[inconsisten bug]]>
  </system-out>
  <testcase classname="testngflags.Flag3" name="login" time="0.001"/>
  <system-out>
    <![CDATA[inconsisten bug]]>
  </system-out>
  <testcase classname="testngflags.Flag3" name="login" time="0.001"/>
  <system-out>
    <![CDATA[inconsisten bug]]>
  </system-out>
  <testcase classname="testngflags.Flag3" name="login" time="0.001"/>
  <system-out>
    <![CDATA[inconsisten bug]]>
  </system-out>
  <testcase classname="testngflags.Flag3" name="login" time="0.001"/>
  <system-out>
    <![CDATA[inconsisten bug]]>
  </system-out>
  <testcase classname="testngflags.Flag3" name="login" time="0.001"/>
  <system-out>
    <![CDATA[inconsisten bug]]>
  </system-out>
  <testcase classname="testngflags.Flag3" name="login" time="0.000"/>
  <system-out>
    <![CDATA[inconsisten bug]]>
  </system-out>
  <testcase classname="testngflags.Flag3" name="login" time="0.000"/>
  <system-out>
    <![CDATA[inconsisten bug]]>
  </system-out>
  <testcase classname="testngflags.Flag3" name="login" time="0.001"/>
  <system-out>
    <![CDATA[inconsisten bug]]>
  </system-out>
  <testcase classname="testngflags.Flag3" name="login" time="0.000"/>
  <system-out>
    <![CDATA[inconsisten bug]]>
  </system-out>
  <testcase classname="testngflags.Flag3" name="login" time="0.000"/>
  <system-out>
    <![CDATA[inconsisten bug]]>
  </system-out>
  <testcase classname="testngflags.Flag3" name="login" time="0.001"/>
  <system-out>
    <![CDATA[inconsisten bug]]>
  </system-out>
  <testcase classname="testngflags.Flag3" name="login" time="0.001"/>
  <system-out>
    <![CDATA[inconsisten bug]]>
  </system-out>
  <testcase classname="testngflags.Flag3" name="login" time="0.001"/>
  <system-out>
    <![CDATA[inconsisten bug]]>
  </system-out>
  <testcase classname="testngflags.Flag3" name="login" time="0.000"/>
  <system-out>
    <![CDATA[inconsisten bug]]>
  </system-out>
  <testcase classname="testngflags.Flag3" name="login" time="0.001"/>
  <system-out>
    <![CDATA[inconsisten bug]]>
  </system-out>
  <testcase classname="testngflags.Flag3" name="login" time="0.000"/>
  <system-out>
    <![CDATA[inconsisten bug]]>
  </system-out>
  <testcase classname="testngflags.Flag3" name="login" time="0.000"/>
  <system-out>
    <![CDATA[inconsisten bug]]>
  </system-out>
  <testcase classname="testngflags.Flag3" name="login" time="0.001"/>
  <system-out>
    <![CDATA[inconsisten bug]]>
  </system-out>
  <testcase classname="testngflags.Flag3" name="login" time="0.001"/>
  <system-out>
    <![CDATA[inconsisten bug]]>
  </system-out>
  <testcase classname="testngflags.Flag3" name="login" time="0.001"/>
  <system-out>
    <![CDATA[inconsisten bug]]>
  </system-out>
  <testcase classname="testngflags.Flag3" name="login" time="0.001"/>
  <system-out>
    <![CDATA[inconsisten bug]]>
  </system-out>
  <testcase classname="testngflags.Flag3" name="login" time="0.002"/>
  <system-out>
    <![CDATA[inconsisten bug]]>
  </system-out>
  <testcase classname="testngflags.Flag3" name="login" time="0.006"/>
  <system-out>
    <![CDATA[inconsisten bug]]>
  </system-out>
  <testcase classname="testngflags.Flag3" name="login" time="0.000"/>
  <system-out>
    <![CDATA[inconsisten bug]]>
  </system-out>
  <testcase classname="testngflags.Flag3" name="login" time="0.001"/>
  <system-out>
    <![CDATA[inconsisten bug]]>
  </system-out>
  <testcase classname="testngflags.Flag3" name="login" time="0.000"/>
  <system-out>
    <![CDATA[inconsisten bug]]>
  </system-out>
  <testcase classname="testngflags.Flag3" name="login" time="0.000"/>
  <system-out>
    <![CDATA[inconsisten bug]]>
  </system-out>
  <testcase classname="testngflags.Flag3" name="login" time="0.001"/>
  <system-out>
    <![CDATA[inconsisten bug]]>
  </system-out>
  <testcase classname="testngflags.Flag3" name="login" time="0.000"/>
  <system-out>
    <![CDATA[inconsisten bug]]>
  </system-out>
  <testcase classname="testngflags.Flag3" name="login" time="0.001"/>
  <system-out>
    <![CDATA[inconsisten bug]]>
  </system-out>
  <testcase classname="testngflags.Flag3" name="login" time="0.000"/>
  <system-out>
    <![CDATA[inconsisten bug]]>
  </system-out>
  <testcase classname="testngflags.Flag3" name="login" time="0.001"/>
  <system-out>
    <![CDATA[inconsisten bug]]>
  </system-out>
  <testcase classname="testngflags.Flag3" name="login" time="0.000"/>
  <system-out>
    <![CDATA[inconsisten bug]]>
  </system-out>
  <testcase classname="testngflags.Flag3" name="login" time="0.000"/>
  <system-out>
    <![CDATA[inconsisten bug]]>
  </system-out>
  <testcase classname="testngflags.Flag3" name="login" time="0.000"/>
  <system-out>
    <![CDATA[inconsisten bug]]>
  </system-out>
  <testcase classname="testngflags.Flag3" name="login" time="0.000"/>
  <system-out>
    <![CDATA[inconsisten bug]]>
  </system-out>
  <testcase classname="testngflags.Flag3" name="login" time="0.000"/>
  <system-out>
    <![CDATA[inconsisten bug]]>
  </system-out>
  <testcase classname="testngflags.Flag3" name="login" time="0.000"/>
  <system-out>
    <![CDATA[inconsisten bug]]>
  </system-out>
  <testcase classname="testngflags.Flag3" name="login" time="0.000"/>
  <system-out>
    <![CDATA[inconsisten bug]]>
  </system-out>
  <testcase classname="testngflags.Flag3" name="login" time="0.000"/>
  <system-out>
    <![CDATA[inconsisten bug]]>
  </system-out>
  <testcase classname="testngflags.Flag3" name="login" time="0.000"/>
  <system-out>
    <![CDATA[inconsisten bug]]>
  </system-out>
  <testcase classname="testngflags.Flag3" name="login" time="0.001"/>
  <system-out>
    <![CDATA[inconsisten bug]]>
  </system-out>
  <testcase classname="testngflags.Flag3" name="login" time="0.000"/>
  <system-out>
    <![CDATA[inconsisten bug]]>
  </system-out>
  <testcase classname="testngflags.Flag3" name="login" time="0.000"/>
  <system-out>
    <![CDATA[inconsisten bug]]>
  </system-out>
  <testcase classname="testngflags.Flag3" name="login" time="0.001"/>
  <system-out>
    <![CDATA[inconsisten bug]]>
  </system-out>
  <testcase classname="testngflags.Flag3" name="login" time="0.001"/>
  <system-out>
    <![CDATA[inconsisten bug]]>
  </system-out>
  <testcase classname="testngflags.Flag3" name="login" time="0.000"/>
  <system-out>
    <![CDATA[inconsisten bug]]>
  </system-out>
  <testcase classname="testngflags.Flag3" name="login" time="0.000"/>
  <system-out>
    <![CDATA[inconsisten bug]]>
  </system-out>
  <testcase classname="testngflags.Flag3" name="login" time="0.002"/>
  <system-out>
    <![CDATA[inconsisten bug]]>
  </system-out>
  <testcase classname="testngflags.Flag3" name="login" time="0.000"/>
  <system-out>
    <![CDATA[inconsisten bug]]>
  </system-out>
  <testcase classname="testngflags.Flag3" name="login" time="0.000"/>
  <system-out>
    <![CDATA[inconsisten bug]]>
  </system-out>
  <testcase classname="testngflags.Flag3" name="login" time="0.000"/>
  <system-out>
    <![CDATA[inconsisten bug]]>
  </system-out>
  <testcase classname="testngflags.Flag3" name="login" time="0.000"/>
  <system-out>
    <![CDATA[inconsisten bug]]>
  </system-out>
  <testcase classname="testngflags.Flag3" name="login" time="0.000"/>
  <system-out>
    <![CDATA[inconsisten bug]]>
  </system-out>
  <testcase classname="testngflags.Flag3" name="login" time="0.001"/>
  <system-out>
    <![CDATA[inconsisten bug]]>
  </system-out>
  <testcase classname="testngflags.Flag3" name="login" time="0.001"/>
  <system-out>
    <![CDATA[inconsisten bug]]>
  </system-out>
  <testcase classname="testngflags.Flag3" name="login" time="0.000"/>
  <system-out>
    <![CDATA[inconsisten bug]]>
  </system-out>
  <testcase classname="testngflags.Flag3" name="login" time="0.000"/>
  <system-out>
    <![CDATA[inconsisten bug]]>
  </system-out>
  <testcase classname="testngflags.Flag3" name="login" time="0.001"/>
  <system-out>
    <![CDATA[inconsisten bug]]>
  </system-out>
  <testcase classname="testngflags.Flag3" name="login" time="0.001"/>
  <system-out>
    <![CDATA[inconsisten bug]]>
  </system-out>
  <testcase classname="testngflags.Flag3" name="login" time="0.000"/>
  <system-out>
    <![CDATA[inconsisten bug]]>
  </system-out>
  <testcase classname="testngflags.Flag3" name="login" time="0.001"/>
  <system-out>
    <![CDATA[inconsisten bug]]>
  </system-out>
  <testcase classname="testngflags.Flag3" name="login" time="0.001"/>
  <system-out>
    <![CDATA[inconsisten bug]]>
  </system-out>
  <testcase classname="testngflags.Flag3" name="login" time="0.001"/>
  <system-out>
    <![CDATA[inconsisten bug]]>
  </system-out>
  <testcase classname="testngflags.Flag3" name="login" time="0.001"/>
  <system-out>
    <![CDATA[inconsisten bug]]>
  </system-out>
  <testcase classname="testngflags.Flag3" name="login" time="0.000"/>
  <system-out>
    <![CDATA[inconsisten bug]]>
  </system-out>
  <testcase classname="testngflags.Flag3" name="login" time="0.001"/>
  <system-out>
    <![CDATA[inconsisten bug]]>
  </system-out>
  <testcase classname="testngflags.Flag3" name="login" time="0.000"/>
  <system-out>
    <![CDATA[inconsisten bug]]>
  </system-out>
  <testcase classname="testngflags.Flag3" name="login" time="0.001"/>
  <system-out>
    <![CDATA[inconsisten bug]]>
  </system-out>
  <testcase classname="testngflags.Flag3" name="login" time="0.002"/>
  <system-out>
    <![CDATA[inconsisten bug]]>
  </system-out>
  <testcase classname="testngflags.Flag3" name="login" time="0.000"/>
  <system-out>
    <![CDATA[inconsisten bug]]>
  </system-out>
  <testcase classname="testngflags.Flag3" name="login" time="0.000"/>
  <system-out>
    <![CDATA[inconsisten bug]]>
  </system-out>
  <testcase classname="testngflags.Flag3" name="login" time="0.000"/>
  <system-out>
    <![CDATA[inconsisten bug]]>
  </system-out>
  <testcase classname="testngflags.Flag3" name="login" time="0.001"/>
  <system-out>
    <![CDATA[inconsisten bug]]>
  </system-out>
  <testcase classname="testngflags.Flag3" name="login" time="0.000"/>
  <system-out>
    <![CDATA[inconsisten bug]]>
  </system-out>
  <testcase classname="testngflags.Flag3" name="login" time="0.000"/>
  <system-out>
    <![CDATA[inconsisten bug]]>
  </system-out>
  <testcase classname="testngflags.Flag3" name="login" time="0.000"/>
  <system-out>
    <![CDATA[inconsisten bug]]>
  </system-out>
  <testcase classname="testngflags.Flag3" name="login" time="0.001"/>
  <system-out>
    <![CDATA[inconsisten bug]]>
  </system-out>
  <testcase classname="testngflags.Flag3" name="login" time="0.001"/>
  <system-out>
    <![CDATA[inconsisten bug]]>
  </system-out>
  <testcase classname="testngflags.Flag3" name="login" time="0.001"/>
  <system-out>
    <![CDATA[inconsisten bug]]>
  </system-out>
  <testcase classname="testngflags.Flag3" name="login" time="0.000"/>
  <system-out>
    <![CDATA[inconsisten bug]]>
  </system-out>
  <testcase classname="testngflags.Flag3" name="login" time="0.001"/>
  <system-out>
    <![CDATA[inconsisten bug]]>
  </system-out>
  <testcase classname="testngflags.Flag3" name="login" time="0.001"/>
  <system-out>
    <![CDATA[inconsisten bug]]>
  </system-out>
  <testcase classname="testngflags.Flag3" name="login" time="0.000"/>
  <system-out>
    <![CDATA[inconsisten bug]]>
  </system-out>
  <testcase classname="testngflags.Flag3" name="login" time="0.000"/>
  <system-out>
    <![CDATA[inconsisten bug]]>
  </system-out>
  <testcase classname="testngflags.Flag3" name="login" time="0.000"/>
  <system-out>
    <![CDATA[inconsisten bug]]>
  </system-out>
  <testcase classname="testngflags.Flag3" name="login" time="0.001"/>
  <system-out>
    <![CDATA[inconsisten bug]]>
  </system-out>
  <testcase classname="testngflags.Flag3" name="login" time="0.000"/>
  <system-out>
    <![CDATA[inconsisten bug]]>
  </system-out>
  <testcase classname="testngflags.Flag3" name="login" time="0.000"/>
  <system-out>
    <![CDATA[inconsisten bug]]>
  </system-out>
  <testcase classname="testngflags.Flag3" name="login" time="0.001"/>
  <system-out>
    <![CDATA[inconsisten bug]]>
  </system-out>
  <testcase classname="testngflags.Flag3" name="login" time="0.001"/>
  <system-out>
    <![CDATA[inconsisten bug]]>
  </system-out>
  <testcase classname="testngflags.Flag3" name="login" time="0.001"/>
  <system-out>
    <![CDATA[inconsisten bug]]>
  </system-out>
  <testcase classname="testngflags.Flag3" name="login" time="0.001"/>
  <system-out>
    <![CDATA[inconsisten bug]]>
  </system-out>
  <testcase classname="testngflags.Flag3" name="login" time="0.001"/>
  <system-out>
    <![CDATA[inconsisten bug]]>
  </system-out>
  <testcase classname="testngflags.Flag3" name="login" time="0.001"/>
  <system-out>
    <![CDATA[inconsisten bug]]>
  </system-out>
  <testcase classname="testngflags.Flag3" name="login" time="0.000"/>
  <system-out>
    <![CDATA[inconsisten bug]]>
  </system-out>
  <testcase classname="testngflags.Flag3" name="login" time="0.000"/>
  <system-out>
    <![CDATA[inconsisten bug]]>
  </system-out>
  <testcase classname="testngflags.Flag3" name="login" time="0.000"/>
  <system-out>
    <![CDATA[inconsisten bug]]>
  </system-out>
  <testcase classname="testngflags.Flag3" name="login" time="0.000"/>
  <system-out>
    <![CDATA[inconsisten bug]]>
  </system-out>
  <testcase classname="testngflags.Flag3" name="login" time="0.000"/>
  <system-out>
    <![CDATA[inconsisten bug]]>
  </system-out>
  <testcase classname="testngflags.Flag3" name="login" time="0.001"/>
  <system-out>
    <![CDATA[inconsisten bug]]>
  </system-out>
  <testcase classname="testngflags.Flag3" name="login" time="0.000"/>
  <system-out>
    <![CDATA[inconsisten bug]]>
  </system-out>
  <testcase classname="testngflags.Flag3" name="login" time="0.001"/>
  <system-out>
    <![CDATA[inconsisten bug]]>
  </system-out>
  <testcase classname="testngflags.Flag3" name="login" time="0.000"/>
  <system-out>
    <![CDATA[inconsisten bug]]>
  </system-out>
  <testcase classname="testngflags.Flag3" name="login" time="0.001"/>
  <system-out>
    <![CDATA[inconsisten bug]]>
  </system-out>
  <testcase classname="testngflags.Flag3" name="login" time="0.001"/>
  <system-out>
    <![CDATA[inconsisten bug]]>
  </system-out>
  <testcase classname="testngflags.Flag3" name="login" time="0.000"/>
  <system-out>
    <![CDATA[inconsisten bug]]>
  </system-out>
  <testcase classname="testngflags.Flag3" name="login" time="0.001"/>
  <system-out>
    <![CDATA[inconsisten bug]]>
  </system-out>
  <testcase classname="testngflags.Flag3" name="login" time="0.001"/>
  <system-out>
    <![CDATA[inconsisten bug]]>
  </system-out>
  <testcase classname="testngflags.Flag3" name="login" time="0.001"/>
  <system-out>
    <![CDATA[inconsisten bug]]>
  </system-out>
  <testcase classname="testngflags.Flag3" name="login" time="0.001"/>
  <system-out>
    <![CDATA[inconsisten bug]]>
  </system-out>
  <testcase classname="testngflags.Flag3" name="login" time="0.001"/>
  <system-out>
    <![CDATA[inconsisten bug]]>
  </system-out>
  <testcase classname="testngflags.Flag3" name="login" time="0.002"/>
  <system-out>
    <![CDATA[inconsisten bug]]>
  </system-out>
  <testcase classname="testngflags.Flag3" name="login" time="0.001"/>
  <system-out>
    <![CDATA[inconsisten bug]]>
  </system-out>
  <testcase classname="testngflags.Flag3" name="login" time="0.001"/>
  <system-out>
    <![CDATA[inconsisten bug]]>
  </system-out>
  <testcase classname="testngflags.Flag3" name="login" time="0.000"/>
  <system-out>
    <![CDATA[inconsisten bug]]>
  </system-out>
  <testcase classname="testngflags.Flag3" name="login" time="0.000"/>
  <system-out>
    <![CDATA[inconsisten bug]]>
  </system-out>
  <testcase classname="testngflags.Flag3" name="login" time="0.000"/>
  <system-out>
    <![CDATA[inconsisten bug]]>
  </system-out>
  <testcase classname="testngflags.Flag3" name="login" time="0.000"/>
  <system-out>
    <![CDATA[inconsisten bug]]>
  </system-out>
  <testcase classname="testngflags.Flag3" name="login" time="0.000"/>
  <system-out>
    <![CDATA[inconsisten bug]]>
  </system-out>
  <testcase classname="testngflags.Flag3" name="login" time="0.000"/>
  <system-out>
    <![CDATA[inconsisten bug]]>
  </system-out>
  <testcase classname="testngflags.Flag3" name="login" time="0.000"/>
  <system-out>
    <![CDATA[inconsisten bug]]>
  </system-out>
  <testcase classname="testngflags.Flag3" name="login" time="0.001"/>
  <system-out>
    <![CDATA[inconsisten bug]]>
  </system-out>
  <testcase classname="testngflags.Flag3" name="login" time="0.001"/>
  <system-out>
    <![CDATA[inconsisten bug]]>
  </system-out>
  <testcase classname="testngflags.Flag3" name="login" time="0.000"/>
  <system-out>
    <![CDATA[inconsisten bug]]>
  </system-out>
  <testcase classname="testngflags.Flag3" name="login" time="0.001"/>
  <system-out>
    <![CDATA[inconsisten bug]]>
  </system-out>
  <testcase classname="testngflags.Flag3" name="login" time="0.000"/>
  <system-out>
    <![CDATA[inconsisten bug]]>
  </system-out>
  <testcase classname="testngflags.Flag3" name="login" time="0.000"/>
  <system-out>
    <![CDATA[inconsisten bug]]>
  </system-out>
  <testcase classname="testngflags.Flag3" name="login" time="0.000"/>
  <system-out>
    <![CDATA[inconsisten bug]]>
  </system-out>
  <testcase classname="testngflags.Flag3" name="login" time="0.001"/>
  <system-out>
    <![CDATA[inconsisten bug]]>
  </system-out>
  <testcase classname="testngflags.Flag3" name="login" time="0.001"/>
  <system-out>
    <![CDATA[inconsisten bug]]>
  </system-out>
  <testcase classname="testngflags.Flag3" name="login" time="0.001"/>
  <system-out>
    <![CDATA[inconsisten bug]]>
  </system-out>
  <testcase classname="testngflags.Flag3" name="login" time="0.001"/>
  <system-out>
    <![CDATA[inconsisten bug]]>
  </system-out>
  <testcase classname="testngflags.Flag3" name="login" time="0.001"/>
  <system-out>
    <![CDATA[inconsisten bug]]>
  </system-out>
  <testcase classname="testngflags.Flag3" name="login" time="0.000"/>
  <system-out>
    <![CDATA[inconsisten bug]]>
  </system-out>
  <testcase classname="testngflags.Flag3" name="login" time="0.001"/>
  <system-out>
    <![CDATA[inconsisten bug]]>
  </system-out>
  <testcase classname="testngflags.Flag3" name="login" time="0.000"/>
  <system-out>
    <![CDATA[inconsisten bug]]>
  </system-out>
  <testcase classname="testngflags.Flag3" name="login" time="0.000"/>
  <system-out>
    <![CDATA[inconsisten bug]]>
  </system-out>
  <testcase classname="testngflags.Flag3" name="login" time="0.000"/>
  <system-out>
    <![CDATA[inconsisten bug]]>
  </system-out>
  <testcase classname="testngflags.Flag3" name="login" time="0.000"/>
  <system-out>
    <![CDATA[inconsisten bug]]>
  </system-out>
  <testcase classname="testngflags.Flag3" name="login" time="0.001"/>
  <system-out>
    <![CDATA[inconsisten bug]]>
  </system-out>
  <testcase classname="testngflags.Flag3" name="login" time="0.006"/>
  <system-out>
    <![CDATA[inconsisten bug]]>
  </system-out>
  <testcase classname="testngflags.Flag3" name="login" time="0.002"/>
  <system-out>
    <![CDATA[inconsisten bug]]>
  </system-out>
  <testcase classname="testngflags.Flag3" name="login" time="0.000"/>
  <system-out>
    <![CDATA[inconsisten bug]]>
  </system-out>
  <testcase classname="testngflags.Flag3" name="login" time="0.000"/>
  <system-out>
    <![CDATA[inconsisten bug]]>
  </system-out>
  <testcase classname="testngflags.Flag3" name="login" time="0.001"/>
  <system-out>
    <![CDATA[inconsisten bug]]>
  </system-out>
  <testcase classname="testngflags.Flag3" name="login" time="0.000"/>
  <system-out>
    <![CDATA[inconsisten bug]]>
  </system-out>
  <testcase classname="testngflags.Flag3" name="login" time="0.001"/>
  <system-out>
    <![CDATA[inconsisten bug]]>
  </system-out>
  <testcase classname="testngflags.Flag3" name="login" time="0.000"/>
  <system-out>
    <![CDATA[inconsisten bug]]>
  </system-out>
  <testcase classname="testngflags.Flag3" name="login" time="0.000"/>
  <system-out>
    <![CDATA[inconsisten bug]]>
  </system-out>
  <testcase classname="testngflags.Flag3" name="login" time="0.001"/>
  <system-out>
    <![CDATA[inconsisten bug]]>
  </system-out>
  <testcase classname="testngflags.Flag3" name="login" time="0.000"/>
  <system-out>
    <![CDATA[inconsisten bug]]>
  </system-out>
  <testcase classname="testngflags.Flag3" name="login" time="0.000"/>
  <system-out>
    <![CDATA[inconsisten bug]]>
  </system-out>
  <testcase classname="testngflags.Flag3" name="login" time="0.000"/>
  <system-out>
    <![CDATA[inconsisten bug]]>
  </system-out>
  <testcase classname="testngflags.Flag3" name="login" time="0.001"/>
  <system-out>
    <![CDATA[inconsisten bug]]>
  </system-out>
  <testcase classname="testngflags.Flag3" name="login" time="0.001"/>
  <system-out>
    <![CDATA[inconsisten bug]]>
  </system-out>
  <testcase classname="testngflags.Flag3" name="login" time="0.001"/>
  <system-out>
    <![CDATA[inconsisten bug]]>
  </system-out>
  <testcase classname="testngflags.Flag3" name="login" time="0.000"/>
  <system-out>
    <![CDATA[inconsisten bug]]>
  </system-out>
  <testcase classname="testngflags.Flag3" name="login" time="0.001"/>
  <system-out>
    <![CDATA[inconsisten bug]]>
  </system-out>
  <testcase classname="testngflags.Flag3" name="login" time="0.000"/>
  <system-out>
    <![CDATA[inconsisten bug]]>
  </system-out>
  <testcase classname="testngflags.Flag3" name="login" time="0.000"/>
  <system-out>
    <![CDATA[inconsisten bug]]>
  </system-out>
  <testcase classname="testngflags.Flag3" name="login" time="0.000"/>
  <system-out>
    <![CDATA[inconsisten bug]]>
  </system-out>
  <testcase classname="testngflags.Flag3" name="login" time="0.000"/>
  <system-out>
    <![CDATA[inconsisten bug]]>
  </system-out>
  <testcase classname="testngflags.Flag3" name="login" time="0.001"/>
  <system-out>
    <![CDATA[inconsisten bug]]>
  </system-out>
  <testcase classname="testngflags.Flag3" name="login" time="0.001"/>
  <system-out>
    <![CDATA[inconsisten bug]]>
  </system-out>
  <testcase classname="testngflags.Flag3" name="login" time="0.001"/>
  <system-out>
    <![CDATA[inconsisten bug]]>
  </system-out>
  <testcase classname="testngflags.Flag3" name="login" time="0.000"/>
  <system-out>
    <![CDATA[inconsisten bug]]>
  </system-out>
  <testcase classname="testngflags.Flag3" name="login" time="0.000"/>
  <system-out>
    <![CDATA[inconsisten bug]]>
  </system-out>
  <testcase classname="testngflags.Flag3" name="login" time="0.000"/>
  <system-out>
    <![CDATA[inconsisten bug]]>
  </system-out>
  <testcase classname="testngflags.Flag3" name="login" time="0.001"/>
  <system-out>
    <![CDATA[inconsisten bug]]>
  </system-out>
  <testcase classname="testngflags.Flag3" name="login" time="0.000"/>
  <system-out>
    <![CDATA[inconsisten bug]]>
  </system-out>
  <testcase classname="testngflags.Flag3" name="login" time="0.000"/>
  <system-out>
    <![CDATA[inconsisten bug]]>
  </system-out>
  <testcase classname="testngflags.Flag3" name="login" time="0.001"/>
  <system-out>
    <![CDATA[inconsisten bug]]>
  </system-out>
  <testcase classname="testngflags.Flag3" name="login" time="0.000"/>
  <system-out>
    <![CDATA[inconsisten bug]]>
  </system-out>
  <testcase classname="testngflags.Flag3" name="login" time="0.001"/>
  <system-out>
    <![CDATA[inconsisten bug]]>
  </system-out>
  <testcase classname="testngflags.Flag3" name="login" time="0.001"/>
  <system-out>
    <![CDATA[inconsisten bug]]>
  </system-out>
  <testcase classname="testngflags.Flag3" name="login" time="0.000"/>
  <system-out>
    <![CDATA[inconsisten bug]]>
  </system-out>
  <testcase classname="testngflags.Flag3" name="login" time="0.000"/>
  <system-out>
    <![CDATA[inconsisten bug]]>
  </system-out>
  <testcase classname="testngflags.Flag3" name="login" time="0.001"/>
  <system-out>
    <![CDATA[inconsisten bug]]>
  </system-out>
  <testcase classname="testngflags.Flag3" name="login" time="0.000"/>
  <system-out>
    <![CDATA[inconsisten bug]]>
  </system-out>
  <testcase classname="testngflags.Flag3" name="login" time="0.000"/>
  <system-out>
    <![CDATA[inconsisten bug]]>
  </system-out>
  <testcase classname="testngflags.Flag3" name="login" time="0.001"/>
  <system-out>
    <![CDATA[inconsisten bug]]>
  </system-out>
  <testcase classname="testngflags.Flag3" name="login" time="0.000"/>
  <system-out>
    <![CDATA[inconsisten bug]]>
  </system-out>
  <testcase classname="testngflags.Flag3" name="login" time="0.001"/>
  <system-out>
    <![CDATA[inconsisten bug]]>
  </system-out>
  <testcase classname="testngflags.Flag3" name="login" time="0.000"/>
  <system-out>
    <![CDATA[inconsisten bug]]>
  </system-out>
  <testcase classname="testngflags.Flag3" name="login" time="0.001"/>
  <system-out>
    <![CDATA[inconsisten bug]]>
  </system-out>
  <testcase classname="testngflags.Flag3" name="login" time="0.000"/>
  <system-out>
    <![CDATA[inconsisten bug]]>
  </system-out>
  <testcase classname="testngflags.Flag3" name="login" time="0.001"/>
  <system-out>
    <![CDATA[inconsisten bug]]>
  </system-out>
  <testcase classname="testngflags.Flag3" name="login" time="0.000"/>
  <system-out>
    <![CDATA[inconsisten bug]]>
  </system-out>
  <testcase classname="testngflags.Flag3" name="login" time="0.000"/>
  <system-out>
    <![CDATA[inconsisten bug]]>
  </system-out>
  <testcase classname="testngflags.Flag3" name="login" time="0.001"/>
  <system-out>
    <![CDATA[inconsisten bug]]>
  </system-out>
  <testcase classname="testngflags.Flag3" name="login" time="0.000"/>
  <system-out>
    <![CDATA[inconsisten bug]]>
  </system-out>
  <testcase classname="testngflags.Flag3" name="login" time="0.000"/>
  <system-out>
    <![CDATA[inconsisten bug]]>
  </system-out>
  <testcase classname="testngflags.Flag3" name="login" time="0.000"/>
  <system-out>
    <![CDATA[inconsisten bug]]>
  </system-out>
  <testcase classname="testngflags.Flag3" name="login" time="0.000"/>
  <system-out>
    <![CDATA[inconsisten bug]]>
  </system-out>
  <testcase classname="testngflags.Flag3" name="login" time="0.001"/>
  <system-out>
    <![CDATA[inconsisten bug]]>
  </system-out>
  <testcase classname="testngflags.Flag3" name="login" time="0.000"/>
  <system-out>
    <![CDATA[inconsisten bug]]>
  </system-out>
  <testcase classname="testngflags.Flag3" name="login" time="0.001"/>
  <system-out>
    <![CDATA[inconsisten bug]]>
  </system-out>
  <testcase classname="testngflags.Flag3" name="login" time="0.000"/>
  <system-out>
    <![CDATA[inconsisten bug]]>
  </system-out>
  <testcase classname="testngflags.Flag3" name="login" time="0.001"/>
  <system-out>
    <![CDATA[inconsisten bug]]>
  </system-out>
  <testcase classname="testngflags.Flag3" name="login" time="0.000"/>
  <system-out>
    <![CDATA[inconsisten bug]]>
  </system-out>
  <testcase classname="testngflags.Flag3" name="login" time="0.001"/>
  <system-out>
    <![CDATA[inconsisten bug]]>
  </system-out>
  <testcase classname="testngflags.Flag3" name="login" time="0.000"/>
  <system-out>
    <![CDATA[inconsisten bug]]>
  </system-out>
  <testcase classname="testngflags.Flag3" name="login" time="0.000"/>
  <system-out>
    <![CDATA[inconsisten bug]]>
  </system-out>
  <testcase classname="testngflags.Flag3" name="login" time="0.000"/>
  <system-out>
    <![CDATA[inconsisten bug]]>
  </system-out>
  <testcase classname="testngflags.Flag3" name="login" time="0.000"/>
  <system-out>
    <![CDATA[inconsisten bug]]>
  </system-out>
  <testcase classname="testngflags.Flag3" name="login" time="0.001"/>
  <system-out>
    <![CDATA[inconsisten bug]]>
  </system-out>
  <testcase classname="testngflags.Flag3" name="login" time="0.000"/>
  <system-out>
    <![CDATA[inconsisten bug]]>
  </system-out>
  <testcase classname="testngflags.Flag3" name="login" time="0.001"/>
  <system-out>
    <![CDATA[inconsisten bug]]>
  </system-out>
  <testcase classname="testngflags.Flag3" name="login" time="0.000"/>
  <system-out>
    <![CDATA[inconsisten bug]]>
  </system-out>
  <testcase classname="testngflags.Flag3" name="login" time="0.001"/>
  <system-out>
    <![CDATA[inconsisten bug]]>
  </system-out>
  <testcase classname="testngflags.Flag3" name="login" time="0.002"/>
  <system-out>
    <![CDATA[inconsisten bug]]>
  </system-out>
  <testcase classname="testngflags.Flag3" name="login" time="0.000"/>
  <system-out>
    <![CDATA[inconsisten bug]]>
  </system-out>
  <testcase classname="testngflags.Flag3" name="login" time="0.000"/>
  <system-out>
    <![CDATA[inconsisten bug]]>
  </system-out>
  <testcase classname="testngflags.Flag3" name="login" time="0.001"/>
  <system-out>
    <![CDATA[inconsisten bug]]>
  </system-out>
  <testcase classname="testngflags.Flag3" name="login" time="0.000"/>
  <system-out>
    <![CDATA[inconsisten bug]]>
  </system-out>
  <testcase classname="testngflags.Flag3" name="login" time="0.000"/>
  <system-out>
    <![CDATA[inconsisten bug]]>
  </system-out>
  <testcase classname="testngflags.Flag3" name="login" time="0.001"/>
  <system-out>
    <![CDATA[inconsisten bug]]>
  </system-out>
  <testcase classname="testngflags.Flag3" name="login" time="0.000"/>
  <system-out>
    <![CDATA[inconsisten bug]]>
  </system-out>
  <testcase classname="testngflags.Flag3" name="login" time="0.000"/>
  <system-out>
    <![CDATA[inconsisten bug]]>
  </system-out>
  <testcase classname="testngflags.Flag3" name="login" time="0.000"/>
  <system-out>
    <![CDATA[inconsisten bug]]>
  </system-out>
  <testcase classname="testngflags.Flag3" name="login" time="0.000"/>
  <system-out>
    <![CDATA[inconsisten bug]]>
  </system-out>
  <testcase classname="testngflags.Flag3" name="login" time="0.000"/>
  <system-out>
    <![CDATA[inconsisten bug]]>
  </system-out>
  <testcase classname="testngflags.Flag3" name="login" time="0.001"/>
  <system-out>
    <![CDATA[inconsisten bug]]>
  </system-out>
  <testcase classname="testngflags.Flag3" name="login" time="0.001"/>
  <system-out>
    <![CDATA[inconsisten bug]]>
  </system-out>
  <testcase classname="testngflags.Flag3" name="login" time="0.000"/>
  <system-out>
    <![CDATA[inconsisten bug]]>
  </system-out>
  <testcase classname="testngflags.Flag3" name="login" time="0.001"/>
  <system-out>
    <![CDATA[inconsisten bug]]>
  </system-out>
  <testcase classname="testngflags.Flag3" name="login" time="0.000"/>
  <system-out>
    <![CDATA[inconsisten bug]]>
  </system-out>
  <testcase classname="testngflags.Flag3" name="login" time="0.001"/>
  <system-out>
    <![CDATA[inconsisten bug]]>
  </system-out>
  <testcase classname="testngflags.Flag3" name="login" time="0.000"/>
  <system-out>
    <![CDATA[inconsisten bug]]>
  </system-out>
  <testcase classname="testngflags.Flag3" name="login" time="0.000"/>
  <system-out>
    <![CDATA[inconsisten bug]]>
  </system-out>
  <testcase classname="testngflags.Flag3" name="login" time="0.001"/>
  <system-out>
    <![CDATA[inconsisten bug]]>
  </system-out>
  <testcase classname="testngflags.Flag3" name="login" time="0.000"/>
  <system-out>
    <![CDATA[inconsisten bug]]>
  </system-out>
  <testcase classname="testngflags.Flag3" name="login" time="0.001"/>
  <system-out>
    <![CDATA[inconsisten bug]]>
  </system-out>
  <testcase classname="testngflags.Flag3" name="login" time="0.001"/>
  <system-out>
    <![CDATA[inconsisten bug]]>
  </system-out>
  <testcase classname="testngflags.Flag3" name="login" time="0.001"/>
  <system-out>
    <![CDATA[inconsisten bug]]>
  </system-out>
  <testcase classname="testngflags.Flag3" name="login" time="0.000"/>
  <system-out>
    <![CDATA[inconsisten bug]]>
  </system-out>
  <testcase classname="testngflags.Flag3" name="login" time="0.001"/>
  <system-out>
    <![CDATA[inconsisten bug]]>
  </system-out>
  <testcase classname="testngflags.Flag3" name="login" time="0.000"/>
  <system-out>
    <![CDATA[inconsisten bug]]>
  </system-out>
  <testcase classname="testngflags.Flag3" name="login" time="0.000"/>
  <system-out>
    <![CDATA[inconsisten bug]]>
  </system-out>
  <testcase classname="testngflags.Flag3" name="login" time="0.000"/>
  <system-out>
    <![CDATA[inconsisten bug]]>
  </system-out>
  <testcase classname="testngflags.Flag3" name="login" time="0.001"/>
  <system-out>
    <![CDATA[inconsisten bug]]>
  </system-out>
  <testcase classname="testngflags.Flag3" name="login" time="0.001"/>
  <system-out>
    <![CDATA[inconsisten bug]]>
  </system-out>
  <testcase classname="testngflags.Flag3" name="login" time="0.000"/>
  <system-out>
    <![CDATA[inconsisten bug]]>
  </system-out>
  <testcase classname="testngflags.Flag3" name="login" time="0.001"/>
  <system-out>
    <![CDATA[inconsisten bug]]>
  </system-out>
  <testcase classname="testngflags.Flag3" name="login" time="0.001"/>
  <system-out>
    <![CDATA[inconsisten bug]]>
  </system-out>
  <testcase classname="testngflags.Flag3" name="login" time="0.001"/>
  <system-out>
    <![CDATA[inconsisten bug]]>
  </system-out>
  <testcase classname="testngflags.Flag3" name="login" time="0.000"/>
  <system-out>
    <![CDATA[inconsisten bug]]>
  </system-out>
  <testcase classname="testngflags.Flag3" name="login" time="0.000"/>
  <system-out>
    <![CDATA[inconsisten bug]]>
  </system-out>
  <testcase classname="testngflags.Flag3" name="login" time="0.000"/>
  <system-out>
    <![CDATA[inconsisten bug]]>
  </system-out>
  <testcase classname="testngflags.Flag3" name="login" time="0.000"/>
  <system-out>
    <![CDATA[inconsisten bug]]>
  </system-out>
  <testcase classname="testngflags.Flag3" name="login" time="0.001"/>
  <system-out>
    <![CDATA[inconsisten bug]]>
  </system-out>
  <testcase classname="testngflags.Flag3" name="login" time="0.000"/>
  <system-out>
    <![CDATA[inconsisten bug]]>
  </system-out>
  <testcase classname="testngflags.Flag3" name="login" time="0.001"/>
  <system-out>
    <![CDATA[inconsisten bug]]>
  </system-out>
  <testcase classname="testngflags.Flag3" name="login" time="0.001"/>
  <system-out>
    <![CDATA[inconsisten bug]]>
  </system-out>
  <testcase classname="testngflags.Flag3" name="login" time="0.000"/>
  <system-out>
    <![CDATA[inconsisten bug]]>
  </system-out>
  <testcase classname="testngflags.Flag3" name="login" time="0.000"/>
  <system-out>
    <![CDATA[inconsisten bug]]>
  </system-out>
  <testcase classname="testngflags.Flag3" name="login" time="0.001"/>
  <system-out>
    <![CDATA[inconsisten bug]]>
  </system-out>
  <testcase classname="testngflags.Flag3" name="login" time="0.000"/>
  <system-out>
    <![CDATA[inconsisten bug]]>
  </system-out>
  <testcase classname="testngflags.Flag3" name="login" time="0.001"/>
  <system-out>
    <![CDATA[inconsisten bug]]>
  </system-out>
  <testcase classname="testngflags.Flag3" name="login" time="0.001"/>
  <system-out>
    <![CDATA[inconsisten bug]]>
  </system-out>
  <testcase classname="testngflags.Flag3" name="login" time="0.000"/>
  <system-out>
    <![CDATA[inconsisten bug]]>
  </system-out>
  <testcase classname="testngflags.Flag3" name="login" time="0.000"/>
  <system-out>
    <![CDATA[inconsisten bug]]>
  </system-out>
  <testcase classname="testngflags.Flag3" name="login" time="0.000"/>
  <system-out>
    <![CDATA[inconsisten bug]]>
  </system-out>
  <testcase classname="testngflags.Flag3" name="login" time="0.001"/>
  <system-out>
    <![CDATA[inconsisten bug]]>
  </system-out>
  <testcase classname="testngflags.Flag3" name="login" time="0.001"/>
  <system-out>
    <![CDATA[inconsisten bug]]>
  </system-out>
  <testcase classname="testngflags.Flag3" name="login" time="0.001"/>
  <system-out>
    <![CDATA[inconsisten bug]]>
  </system-out>
  <testcase classname="testngflags.Flag3" name="login" time="0.001"/>
  <system-out>
    <![CDATA[inconsisten bug]]>
  </system-out>
  <testcase classname="testngflags.Flag3" name="login" time="0.002"/>
  <system-out>
    <![CDATA[inconsisten bug]]>
  </system-out>
  <testcase classname="testngflags.Flag3" name="login" time="0.000"/>
  <system-out>
    <![CDATA[inconsisten bug]]>
  </system-out>
  <testcase classname="testngflags.Flag3" name="login" time="0.001"/>
  <system-out>
    <![CDATA[inconsisten bug]]>
  </system-out>
  <testcase classname="testngflags.Flag3" name="login" time="0.001"/>
  <system-out>
    <![CDATA[inconsisten bug]]>
  </system-out>
  <testcase classname="testngflags.Flag3" name="login" time="0.000"/>
  <system-out>
    <![CDATA[inconsisten bug]]>
  </system-out>
  <testcase classname="testngflags.Flag3" name="login" time="0.001"/>
  <system-out>
    <![CDATA[inconsisten bug]]>
  </system-out>
  <testcase classname="testngflags.Flag3" name="login" time="0.005"/>
  <system-out>
    <![CDATA[inconsisten bug]]>
  </system-out>
  <testcase classname="testngflags.Flag3" name="login" time="0.000"/>
  <system-out>
    <![CDATA[inconsisten bug]]>
  </system-out>
  <testcase classname="testngflags.Flag3" name="login" time="0.001"/>
  <system-out>
    <![CDATA[inconsisten bug]]>
  </system-out>
  <testcase classname="testngflags.Flag3" name="login" time="0.000"/>
  <system-out>
    <![CDATA[inconsisten bug]]>
  </system-out>
  <testcase classname="testngflags.Flag3" name="login" time="0.001"/>
  <system-out>
    <![CDATA[inconsisten bug]]>
  </system-out>
  <testcase classname="testngflags.Flag3" name="login" time="0.001"/>
  <system-out>
    <![CDATA[inconsisten bug]]>
  </system-out>
  <testcase classname="testngflags.Flag3" name="login" time="0.001"/>
  <system-out>
    <![CDATA[inconsisten bug]]>
  </system-out>
  <testcase classname="testngflags.Flag3" name="login" time="0.001"/>
  <system-out>
    <![CDATA[inconsisten bug]]>
  </system-out>
  <testcase classname="testngflags.Flag3" name="login" time="0.000"/>
  <system-out>
    <![CDATA[inconsisten bug]]>
  </system-out>
  <testcase classname="testngflags.Flag3" name="login" time="0.000"/>
  <system-out>
    <![CDATA[inconsisten bug]]>
  </system-out>
  <testcase classname="testngflags.Flag3" name="login" time="0.000"/>
  <system-out>
    <![CDATA[inconsisten bug]]>
  </system-out>
  <testcase classname="testngflags.Flag3" name="login" time="0.001"/>
  <system-out>
    <![CDATA[inconsisten bug]]>
  </system-out>
  <testcase classname="testngflags.Flag3" name="login" time="0.000"/>
  <system-out>
    <![CDATA[inconsisten bug]]>
  </system-out>
  <testcase classname="testngflags.Flag3" name="login" time="0.000"/>
  <system-out>
    <![CDATA[inconsisten bug]]>
  </system-out>
  <testcase classname="testngflags.Flag3" name="login" time="0.001"/>
  <system-out>
    <![CDATA[inconsisten bug]]>
  </system-out>
  <testcase classname="testngflags.Flag3" name="login" time="0.000"/>
  <system-out>
    <![CDATA[inconsisten bug]]>
  </system-out>
  <testcase classname="testngflags.Flag3" name="login" time="0.001"/>
  <system-out>
    <![CDATA[inconsisten bug]]>
  </system-out>
  <testcase classname="testngflags.Flag3" name="login" time="0.000"/>
  <system-out>
    <![CDATA[inconsisten bug]]>
  </system-out>
  <testcase classname="testngflags.Flag3" name="login" time="0.001"/>
  <system-out>
    <![CDATA[inconsisten bug]]>
  </system-out>
  <testcase classname="testngflags.Flag3" name="login" time="0.001"/>
  <system-out>
    <![CDATA[inconsisten bug]]>
  </system-out>
  <testcase classname="testngflags.Flag3" name="login" time="0.000"/>
  <system-out>
    <![CDATA[inconsisten bug]]>
  </system-out>
  <testcase classname="testngflags.Flag3" name="login" time="0.000"/>
  <system-out>
    <![CDATA[inconsisten bug]]>
  </system-out>
  <testcase classname="testngflags.Flag3" name="login" time="0.001"/>
  <system-out>
    <![CDATA[inconsisten bug]]>
  </system-out>
  <testcase classname="testngflags.Flag3" name="login" time="0.001"/>
  <system-out>
    <![CDATA[inconsisten bug]]>
  </system-out>
  <testcase classname="testngflags.Flag3" name="login" time="0.001"/>
  <system-out>
    <![CDATA[inconsisten bug]]>
  </system-out>
  <testcase classname="testngflags.Flag3" name="login" time="0.001"/>
  <system-out>
    <![CDATA[inconsisten bug]]>
  </system-out>
  <testcase classname="testngflags.Flag3" name="login" time="0.001"/>
  <system-out>
    <![CDATA[inconsisten bug]]>
  </system-out>
  <testcase classname="testngflags.Flag3" name="login" time="0.001"/>
  <system-out>
    <![CDATA[inconsisten bug]]>
  </system-out>
  <testcase classname="testngflags.Flag3" name="login" time="0.000"/>
  <system-out>
    <![CDATA[inconsisten bug]]>
  </system-out>
  <testcase classname="testngflags.Flag3" name="login" time="0.000"/>
  <system-out>
    <![CDATA[inconsisten bug]]>
  </system-out>
  <testcase classname="testngflags.Flag3" name="login" time="0.001"/>
  <system-out>
    <![CDATA[inconsisten bug]]>
  </system-out>
  <testcase classname="testngflags.Flag3" name="login" time="0.001"/>
  <system-out>
    <![CDATA[inconsisten bug]]>
  </system-out>
  <testcase classname="testngflags.Flag3" name="login" time="0.000"/>
  <system-out>
    <![CDATA[inconsisten bug]]>
  </system-out>
  <testcase classname="testngflags.Flag3" name="login" time="0.000"/>
  <system-out>
    <![CDATA[inconsisten bug]]>
  </system-out>
  <testcase classname="testngflags.Flag3" name="login" time="0.000"/>
  <system-out>
    <![CDATA[inconsisten bug]]>
  </system-out>
  <testcase classname="testngflags.Flag3" name="login" time="0.001"/>
  <system-out>
    <![CDATA[inconsisten bug]]>
  </system-out>
  <testcase classname="testngflags.Flag3" name="login" time="0.000"/>
  <system-out>
    <![CDATA[inconsisten bug]]>
  </system-out>
  <testcase classname="testngflags.Flag3" name="login" time="0.001"/>
  <system-out>
    <![CDATA[inconsisten bug]]>
  </system-out>
  <testcase classname="testngflags.Flag3" name="login" time="0.001"/>
  <system-out>
    <![CDATA[inconsisten bug]]>
  </system-out>
  <testcase classname="testngflags.Flag3" name="login" time="0.000"/>
  <system-out>
    <![CDATA[inconsisten bug]]>
  </system-out>
  <testcase classname="testngflags.Flag3" name="login" time="0.000"/>
  <system-out>
    <![CDATA[inconsisten bug]]>
  </system-out>
  <testcase classname="testngflags.Flag3" name="login" time="0.001"/>
  <system-out>
    <![CDATA[inconsisten bug]]>
  </system-out>
  <testcase classname="testngflags.Flag3" name="login" time="0.000"/>
  <system-out>
    <![CDATA[inconsisten bug]]>
  </system-out>
  <testcase classname="testngflags.Flag3" name="login" time="0.001"/>
  <system-out>
    <![CDATA[inconsisten bug]]>
  </system-out>
  <testcase classname="testngflags.Flag3" name="login" time="0.001"/>
  <system-out>
    <![CDATA[inconsisten bug]]>
  </system-out>
  <testcase classname="testngflags.Flag3" name="login" time="0.000"/>
  <system-out>
    <![CDATA[inconsisten bug]]>
  </system-out>
  <testcase classname="testngflags.Flag3" name="login" time="0.000"/>
  <system-out>
    <![CDATA[inconsisten bug]]>
  </system-out>
  <testcase classname="testngflags.Flag3" name="login" time="0.000"/>
  <system-out>
    <![CDATA[inconsisten bug]]>
  </system-out>
  <testcase classname="testngflags.Flag3" name="login" time="0.001"/>
  <system-out>
    <![CDATA[inconsisten bug]]>
  </system-out>
  <testcase classname="testngflags.Flag3" name="login" time="0.000"/>
  <system-out>
    <![CDATA[inconsisten bug]]>
  </system-out>
  <testcase classname="testngflags.Flag3" name="login" time="0.001"/>
  <system-out>
    <![CDATA[inconsisten bug]]>
  </system-out>
  <testcase classname="testngflags.Flag3" name="login" time="0.001"/>
  <system-out>
    <![CDATA[inconsisten bug]]>
  </system-out>
  <testcase classname="testngflags.Flag3" name="login" time="0.000"/>
  <system-out>
    <![CDATA[inconsisten bug]]>
  </system-out>
  <testcase classname="testngflags.Flag3" name="login" time="0.001"/>
  <system-out>
    <![CDATA[inconsisten bug]]>
  </system-out>
  <testcase classname="testngflags.Flag3" name="login" time="0.000"/>
  <system-out>
    <![CDATA[inconsisten bug]]>
  </system-out>
  <testcase classname="testngflags.Flag3" name="login" time="0.001"/>
  <system-out>
    <![CDATA[inconsisten bug]]>
  </system-out>
  <testcase classname="testngflags.Flag3" name="login" time="0.000"/>
  <system-out>
    <![CDATA[inconsisten bug]]>
  </system-out>
  <testcase classname="testngflags.Flag3" name="login" time="0.000"/>
  <system-out>
    <![CDATA[inconsisten bug]]>
  </system-out>
  <testcase classname="testngflags.Flag3" name="login" time="0.001"/>
  <system-out>
    <![CDATA[inconsisten bug]]>
  </system-out>
  <testcase classname="testngflags.Flag3" name="login" time="0.000"/>
  <system-out>
    <![CDATA[inconsisten bug]]>
  </system-out>
  <testcase classname="testngflags.Flag3" name="login" time="0.001"/>
  <system-out>
    <![CDATA[inconsisten bug]]>
  </system-out>
  <testcase classname="testngflags.Flag3" name="login" time="0.000"/>
  <system-out>
    <![CDATA[inconsisten bug]]>
  </system-out>
  <testcase classname="testngflags.Flag3" name="login" time="0.000"/>
  <system-out>
    <![CDATA[inconsisten bug]]>
  </system-out>
  <testcase classname="testngflags.Flag3" name="login" time="0.001"/>
  <system-out>
    <![CDATA[inconsisten bug]]>
  </system-out>
  <testcase classname="testngflags.Flag3" name="login" time="0.000"/>
  <system-out>
    <![CDATA[inconsisten bug]]>
  </system-out>
  <testcase classname="testngflags.Flag3" name="login" time="0.000"/>
  <system-out>
    <![CDATA[inconsisten bug]]>
  </system-out>
  <testcase classname="testngflags.Flag3" name="login" time="0.000"/>
  <system-out>
    <![CDATA[inconsisten bug]]>
  </system-out>
  <testcase classname="testngflags.Flag3" name="login" time="0.001"/>
  <system-out>
    <![CDATA[inconsisten bug]]>
  </system-out>
  <testcase classname="testngflags.Flag3" name="login" time="0.000"/>
  <system-out>
    <![CDATA[inconsisten bug]]>
  </system-out>
  <testcase classname="testngflags.Flag3" name="login" time="0.000"/>
  <system-out>
    <![CDATA[inconsisten bug]]>
  </system-out>
  <testcase classname="testngflags.Flag3" name="login" time="0.000"/>
  <system-out>
    <![CDATA[inconsisten bug]]>
  </system-out>
  <testcase classname="testngflags.Flag3" name="login" time="0.001"/>
  <system-out>
    <![CDATA[inconsisten bug]]>
  </system-out>
  <testcase classname="testngflags.Flag3" name="login" time="0.001"/>
  <system-out>
    <![CDATA[inconsisten bug]]>
  </system-out>
  <testcase classname="testngflags.Flag3" name="login" time="0.001"/>
  <system-out>
    <![CDATA[inconsisten bug]]>
  </system-out>
  <testcase classname="testngflags.Flag3" name="login" time="0.000"/>
  <system-out>
    <![CDATA[inconsisten bug]]>
  </system-out>
  <testcase classname="testngflags.Flag3" name="login" time="0.000"/>
  <system-out>
    <![CDATA[inconsisten bug]]>
  </system-out>
  <testcase classname="testngflags.Flag3" name="login" time="0.000"/>
  <system-out>
    <![CDATA[inconsisten bug]]>
  </system-out>
  <testcase classname="testngflags.Flag3" name="login" time="0.000"/>
  <system-out>
    <![CDATA[inconsisten bug]]>
  </system-out>
  <testcase classname="testngflags.Flag3" name="login" time="0.000"/>
  <system-out>
    <![CDATA[inconsisten bug]]>
  </system-out>
  <testcase classname="testngflags.Flag3" name="login" time="0.000"/>
  <system-out>
    <![CDATA[inconsisten bug]]>
  </system-out>
  <testcase classname="testngflags.Flag3" name="login" time="0.001"/>
  <system-out>
    <![CDATA[inconsisten bug]]>
  </system-out>
  <testcase classname="testngflags.Flag3" name="login" time="0.001"/>
  <system-out>
    <![CDATA[inconsisten bug]]>
  </system-out>
  <testcase classname="testngflags.Flag3" name="login" time="0.001"/>
  <system-out>
    <![CDATA[inconsisten bug]]>
  </system-out>
  <testcase classname="testngflags.Flag3" name="login" time="0.001"/>
  <system-out>
    <![CDATA[inconsisten bug]]>
  </system-out>
  <testcase classname="testngflags.Flag3" name="login" time="0.000"/>
  <system-out>
    <![CDATA[inconsisten bug]]>
  </system-out>
  <testcase classname="testngflags.Flag3" name="login" time="0.000"/>
  <system-out>
    <![CDATA[inconsisten bug]]>
  </system-out>
  <testcase classname="testngflags.Flag3" name="login" time="0.001"/>
  <system-out>
    <![CDATA[inconsisten bug]]>
  </system-out>
  <testcase classname="testngflags.Flag3" name="login" time="0.000"/>
  <system-out>
    <![CDATA[inconsisten bug]]>
  </system-out>
  <testcase classname="testngflags.Flag3" name="login" time="0.000"/>
  <system-out>
    <![CDATA[inconsisten bug]]>
  </system-out>
  <testcase classname="testngflags.Flag3" name="login" time="0.000"/>
  <system-out>
    <![CDATA[inconsisten bug]]>
  </system-out>
  <testcase classname="testngflags.Flag3" name="login" time="0.001"/>
  <system-out>
    <![CDATA[inconsisten bug]]>
  </system-out>
  <testcase classname="testngflags.Flag3" name="login" time="0.000"/>
  <system-out>
    <![CDATA[inconsisten bug]]>
  </system-out>
  <testcase classname="testngflags.Flag3" name="login" time="0.000"/>
  <system-out>
    <![CDATA[inconsisten bug]]>
  </system-out>
  <testcase classname="testngflags.Flag3" name="login" time="0.001"/>
  <system-out>
    <![CDATA[inconsisten bug]]>
  </system-out>
  <testcase classname="testngflags.Flag3" name="login" time="0.000"/>
  <system-out>
    <![CDATA[inconsisten bug]]>
  </system-out>
  <testcase classname="testngflags.Flag3" name="login" time="0.000"/>
  <system-out>
    <![CDATA[inconsisten bug]]>
  </system-out>
  <testcase classname="testngflags.Flag3" name="login" time="0.000"/>
  <system-out>
    <![CDATA[inconsisten bug]]>
  </system-out>
  <testcase classname="testngflags.Flag3" name="login" time="0.001"/>
  <system-out>
    <![CDATA[inconsisten bug]]>
  </system-out>
  <testcase classname="testngflags.Flag3" name="login" time="0.000"/>
  <system-out>
    <![CDATA[inconsisten bug]]>
  </system-out>
  <testcase classname="testngflags.Flag3" name="login" time="0.001"/>
  <system-out>
    <![CDATA[inconsisten bug]]>
  </system-out>
  <testcase classname="testngflags.Flag3" name="login" time="0.000"/>
  <system-out>
    <![CDATA[inconsisten bug]]>
  </system-out>
  <testcase classname="testngflags.Flag3" name="login" time="0.000"/>
  <system-out>
    <![CDATA[inconsisten bug]]>
  </system-out>
  <testcase classname="testngflags.Flag3" name="login" time="0.000"/>
  <system-out>
    <![CDATA[inconsisten bug]]>
  </system-out>
  <testcase classname="testngflags.Flag3" name="login" time="0.000"/>
  <system-out>
    <![CDATA[inconsisten bug]]>
  </system-out>
  <testcase classname="testngflags.Flag3" name="login" time="0.000"/>
  <system-out>
    <![CDATA[inconsisten bug]]>
  </system-out>
  <testcase classname="testngflags.Flag3" name="login" time="0.000"/>
  <system-out>
    <![CDATA[inconsisten bug]]>
  </system-out>
  <testcase classname="testngflags.Flag3" name="login" time="0.001"/>
  <system-out>
    <![CDATA[inconsisten bug]]>
  </system-out>
  <testcase classname="testngflags.Flag3" name="login" time="0.001"/>
  <system-out>
    <![CDATA[inconsisten bug]]>
  </system-out>
  <testcase classname="testngflags.Flag3" name="login" time="0.001"/>
  <system-out>
    <![CDATA[inconsisten bug]]>
  </system-out>
  <testcase classname="testngflags.Flag3" name="login" time="0.000"/>
  <system-out>
    <![CDATA[inconsisten bug]]>
  </system-out>
  <testcase classname="testngflags.Flag3" name="login" time="0.000"/>
  <system-out>
    <![CDATA[inconsisten bug]]>
  </system-out>
  <testcase classname="testngflags.Flag3" name="login" time="0.000"/>
  <system-out>
    <![CDATA[inconsisten bug]]>
  </system-out>
  <testcase classname="testngflags.Flag3" name="login" time="0.000"/>
  <system-out>
    <![CDATA[inconsisten bug]]>
  </system-out>
  <testcase classname="testngflags.Flag3" name="login" time="0.000"/>
  <system-out>
    <![CDATA[inconsisten bug]]>
  </system-out>
  <testcase classname="testngflags.Flag3" name="login" time="0.000"/>
  <system-out>
    <![CDATA[inconsisten bug]]>
  </system-out>
  <testcase classname="testngflags.Flag3" name="login" time="0.000"/>
  <system-out>
    <![CDATA[inconsisten bug]]>
  </system-out>
  <testcase classname="testngflags.Flag3" name="login" time="0.001"/>
  <system-out>
    <![CDATA[inconsisten bug]]>
  </system-out>
  <testcase classname="testngflags.Flag3" name="login" time="0.000"/>
  <system-out>
    <![CDATA[inconsisten bug]]>
  </system-out>
  <testcase classname="testngflags.Flag3" name="login" time="0.002"/>
  <system-out>
    <![CDATA[inconsisten bug]]>
  </system-out>
  <testcase classname="testngflags.Flag3" name="login" time="0.000"/>
  <system-out>
    <![CDATA[inconsisten bug]]>
  </system-out>
  <testcase classname="testngflags.Flag3" name="login" time="0.001"/>
  <system-out>
    <![CDATA[inconsisten bug]]>
  </system-out>
  <testcase classname="testngflags.Flag3" name="login" time="0.001"/>
  <system-out>
    <![CDATA[inconsisten bug]]>
  </system-out>
  <testcase classname="testngflags.Flag3" name="login" time="0.000"/>
  <system-out>
    <![CDATA[inconsisten bug]]>
  </system-out>
  <testcase classname="testngflags.Flag3" name="login" time="0.000"/>
  <system-out>
    <![CDATA[inconsisten bug]]>
  </system-out>
  <testcase classname="testngflags.Flag3" name="login" time="0.000"/>
  <system-out>
    <![CDATA[inconsisten bug]]>
  </system-out>
  <testcase classname="testngflags.Flag3" name="login" time="0.001"/>
  <system-out>
    <![CDATA[inconsisten bug]]>
  </system-out>
  <testcase classname="testngflags.Flag3" name="login" time="0.000"/>
  <system-out>
    <![CDATA[inconsisten bug]]>
  </system-out>
  <testcase classname="testngflags.Flag3" name="login" time="0.000"/>
  <system-out>
    <![CDATA[inconsisten bug]]>
  </system-out>
  <testcase classname="testngflags.Flag3" name="login" time="0.000"/>
  <system-out>
    <![CDATA[inconsisten bug]]>
  </system-out>
  <testcase classname="testngflags.Flag3" name="login" time="0.001"/>
  <system-out>
    <![CDATA[inconsisten bug]]>
  </system-out>
  <testcase classname="testngflags.Flag3" name="login" time="0.001"/>
  <system-out>
    <![CDATA[inconsisten bug]]>
  </system-out>
  <testcase classname="testngflags.Flag3" name="login" time="0.000"/>
  <system-out>
    <![CDATA[inconsisten bug]]>
  </system-out>
  <testcase classname="testngflags.Flag3" name="login" time="0.000"/>
  <system-out>
    <![CDATA[inconsisten bug]]>
  </system-out>
  <testcase classname="testngflags.Flag3" name="login" time="0.001"/>
  <system-out>
    <![CDATA[inconsisten bug]]>
  </system-out>
  <testcase classname="testngflags.Flag3" name="login" time="0.002"/>
  <system-out>
    <![CDATA[inconsisten bug]]>
  </system-out>
  <testcase classname="testngflags.Flag3" name="login" time="0.000"/>
  <system-out>
    <![CDATA[inconsisten bug]]>
  </system-out>
  <testcase classname="testngflags.Flag3" name="login" time="0.000"/>
  <system-out>
    <![CDATA[inconsisten bug]]>
  </system-out>
  <testcase classname="testngflags.Flag3" name="login" time="0.001"/>
  <system-out>
    <![CDATA[inconsisten bug]]>
  </system-out>
  <testcase classname="testngflags.Flag3" name="login" time="0.000"/>
  <system-out>
    <![CDATA[inconsisten bug]]>
  </system-out>
  <testcase classname="testngflags.Flag3" name="login" time="0.000"/>
  <system-out>
    <![CDATA[inconsisten bug]]>
  </system-out>
  <testcase classname="testngflags.Flag3" name="login" time="0.000"/>
  <system-out>
    <![CDATA[inconsisten bug]]>
  </system-out>
  <testcase classname="testngflags.Flag3" name="login" time="0.001"/>
  <system-out>
    <![CDATA[inconsisten bug]]>
  </system-out>
  <testcase classname="testngflags.Flag3" name="login" time="0.001"/>
  <system-out>
    <![CDATA[inconsisten bug]]>
  </system-out>
  <testcase classname="testngflags.Flag3" name="login" time="0.000"/>
  <system-out>
    <![CDATA[inconsisten bug]]>
  </system-out>
  <testcase classname="testngflags.Flag3" name="login" time="0.000"/>
  <system-out>
    <![CDATA[inconsisten bug]]>
  </system-out>
  <testcase classname="testngflags.Flag3" name="login" time="0.001"/>
  <system-out>
    <![CDATA[inconsisten bug]]>
  </system-out>
  <testcase classname="testngflags.Flag3" name="login" time="0.001"/>
  <system-out>
    <![CDATA[inconsisten bug]]>
  </system-out>
  <testcase classname="testngflags.Flag3" name="login" time="0.000"/>
  <system-out>
    <![CDATA[inconsisten bug]]>
  </system-out>
  <testcase classname="testngflags.Flag3" name="login" time="0.000"/>
  <system-out>
    <![CDATA[inconsisten bug]]>
  </system-out>
  <testcase classname="testngflags.Flag3" name="login" time="0.001"/>
  <system-out>
    <![CDATA[inconsisten bug]]>
  </system-out>
  <testcase classname="testngflags.Flag3" name="login" time="0.001"/>
  <system-out>
    <![CDATA[inconsisten bug]]>
  </system-out>
  <testcase classname="testngflags.Flag3" name="login" time="0.000"/>
  <system-out>
    <![CDATA[inconsisten bug]]>
  </system-out>
  <testcase classname="testngflags.Flag3" name="login" time="0.001"/>
  <system-out>
    <![CDATA[inconsisten bug]]>
  </system-out>
  <testcase classname="testngflags.Flag3" name="login" time="0.001"/>
  <system-out>
    <![CDATA[inconsisten bug]]>
  </system-out>
  <testcase classname="testngflags.Flag3" name="login" time="0.001"/>
  <system-out>
    <![CDATA[inconsisten bug]]>
  </system-out>
  <testcase classname="testngflags.Flag3" name="login" time="0.001"/>
  <system-out>
    <![CDATA[inconsisten bug]]>
  </system-out>
  <testcase classname="testngflags.Flag3" name="login" time="0.000"/>
  <system-out>
    <![CDATA[inconsisten bug]]>
  </system-out>
  <testcase classname="testngflags.Flag3" name="login" time="0.000"/>
  <system-out>
    <![CDATA[inconsisten bug]]>
  </system-out>
  <testcase classname="testngflags.Flag3" name="login" time="0.000"/>
  <system-out>
    <![CDATA[inconsisten bug]]>
  </system-out>
  <testcase classname="testngflags.Flag3" name="login" time="0.000"/>
  <system-out>
    <![CDATA[inconsisten bug]]>
  </system-out>
  <testcase classname="testngflags.Flag3" name="login" time="0.000"/>
  <system-out>
    <![CDATA[inconsisten bug]]>
  </system-out>
  <testcase classname="testngflags.Flag3" name="login" time="0.001"/>
  <system-out>
    <![CDATA[inconsisten bug]]>
  </system-out>
  <testcase classname="testngflags.Flag3" name="login" time="0.001"/>
  <system-out>
    <![CDATA[inconsisten bug]]>
  </system-out>
  <testcase classname="testngflags.Flag3" name="login" time="0.001"/>
  <system-out>
    <![CDATA[inconsisten bug]]>
  </system-out>
  <testcase classname="testngflags.Flag3" name="login" time="0.000"/>
  <system-out>
    <![CDATA[inconsisten bug]]>
  </system-out>
  <testcase classname="testngflags.Flag3" name="login" time="0.001"/>
  <system-out>
    <![CDATA[inconsisten bug]]>
  </system-out>
  <testcase classname="testngflags.Flag3" name="login" time="0.000"/>
  <system-out>
    <![CDATA[inconsisten bug]]>
  </system-out>
  <testcase classname="testngflags.Flag3" name="login" time="0.001"/>
  <system-out>
    <![CDATA[inconsisten bug]]>
  </system-out>
  <testcase classname="testngflags.Flag3" name="login" time="0.001"/>
  <system-out>
    <![CDATA[inconsisten bug]]>
  </system-out>
  <testcase classname="testngflags.Flag3" name="login" time="0.000"/>
  <system-out>
    <![CDATA[inconsisten bug]]>
  </system-out>
  <testcase classname="testngflags.Flag3" name="login" time="0.000"/>
  <system-out>
    <![CDATA[inconsisten bug]]>
  </system-out>
  <testcase classname="testngflags.Flag3" name="login" time="0.001"/>
  <system-out>
    <![CDATA[inconsisten bug]]>
  </system-out>
  <testcase classname="testngflags.Flag3" name="login" time="0.001"/>
  <system-out>
    <![CDATA[inconsisten bug]]>
  </system-out>
  <testcase classname="testngflags.Flag3" name="login" time="0.000"/>
  <system-out>
    <![CDATA[inconsisten bug]]>
  </system-out>
  <testcase classname="testngflags.Flag3" name="login" time="0.000"/>
  <system-out>
    <![CDATA[inconsisten bug]]>
  </system-out>
  <testcase classname="testngflags.Flag3" name="login" time="0.000"/>
  <system-out>
    <![CDATA[inconsisten bug]]>
  </system-out>
  <testcase classname="testngflags.Flag3" name="login" time="0.002"/>
  <system-out>
    <![CDATA[inconsisten bug]]>
  </system-out>
  <testcase classname="testngflags.Flag3" name="login" time="0.001"/>
  <system-out>
    <![CDATA[inconsisten bug]]>
  </system-out>
  <testcase classname="testngflags.Flag3" name="login" time="0.000"/>
  <system-out>
    <![CDATA[inconsisten bug]]>
  </system-out>
  <testcase classname="testngflags.Flag3" name="login" time="0.000"/>
  <system-out>
    <![CDATA[inconsisten bug]]>
  </system-out>
  <testcase classname="testngflags.Flag3" name="login" time="0.000"/>
  <system-out>
    <![CDATA[inconsisten bug]]>
  </system-out>
  <testcase classname="testngflags.Flag3" name="login" time="0.000"/>
  <system-out>
    <![CDATA[inconsisten bug]]>
  </system-out>
  <testcase classname="testngflags.Flag3" name="login" time="0.000"/>
  <system-out>
    <![CDATA[inconsisten bug]]>
  </system-out>
  <testcase classname="testngflags.Flag3" name="login" time="0.000"/>
  <system-out>
    <![CDATA[inconsisten bug]]>
  </system-out>
  <testcase classname="testngflags.Flag3" name="login" time="0.000"/>
  <system-out>
    <![CDATA[inconsisten bug]]>
  </system-out>
  <testcase classname="testngflags.Flag3" name="login" time="0.000"/>
  <system-out>
    <![CDATA[inconsisten bug]]>
  </system-out>
  <testcase classname="testngflags.Flag3" name="login" time="0.001"/>
  <system-out>
    <![CDATA[inconsisten bug]]>
  </system-out>
  <testcase classname="testngflags.Flag3" name="login" time="0.001"/>
  <system-out>
    <![CDATA[inconsisten bug]]>
  </system-out>
  <testcase classname="testngflags.Flag3" name="login" time="0.000"/>
  <system-out>
    <![CDATA[inconsisten bug]]>
  </system-out>
  <testcase classname="testngflags.Flag3" name="login" time="0.000"/>
  <system-out>
    <![CDATA[inconsisten bug]]>
  </system-out>
  <testcase classname="testngflags.Flag3" name="login" time="0.000"/>
  <system-out>
    <![CDATA[inconsisten bug]]>
  </system-out>
  <testcase classname="testngflags.Flag3" name="login" time="0.000"/>
  <system-out>
    <![CDATA[inconsisten bug]]>
  </system-out>
  <testcase classname="testngflags.Flag3" name="login" time="0.000"/>
  <system-out>
    <![CDATA[inconsisten bug]]>
  </system-out>
  <testcase classname="testngflags.Flag3" name="login" time="0.001"/>
  <system-out>
    <![CDATA[inconsisten bug]]>
  </system-out>
  <testcase classname="testngflags.Flag3" name="login" time="0.004"/>
  <system-out>
    <![CDATA[inconsisten bug]]>
  </system-out>
  <testcase classname="testngflags.Flag3" name="login" time="0.001"/>
  <system-out>
    <![CDATA[inconsisten bug]]>
  </system-out>
  <testcase classname="testngflags.Flag3" name="login" time="0.001"/>
  <system-out>
    <![CDATA[inconsisten bug]]>
  </system-out>
  <testcase classname="testngflags.Flag3" name="login" time="0.000"/>
  <system-out>
    <![CDATA[inconsisten bug]]>
  </system-out>
  <testcase classname="testngflags.Flag3" name="login" time="0.001"/>
  <system-out>
    <![CDATA[inconsisten bug]]>
  </system-out>
  <testcase classname="testngflags.Flag3" name="login" time="0.001"/>
  <system-out>
    <![CDATA[inconsisten bug]]>
  </system-out>
  <testcase classname="testngflags.Flag3" name="login" time="0.000"/>
  <system-out>
    <![CDATA[inconsisten bug]]>
  </system-out>
  <testcase classname="testngflags.Flag3" name="login" time="0.000"/>
  <system-out>
    <![CDATA[inconsisten bug]]>
  </system-out>
  <testcase classname="testngflags.Flag3" name="login" time="0.000"/>
  <system-out>
    <![CDATA[inconsisten bug]]>
  </system-out>
  <testcase classname="testngflags.Flag3" name="login" time="0.000"/>
  <system-out>
    <![CDATA[inconsisten bug]]>
  </system-out>
  <testcase classname="testngflags.Flag3" name="login" time="0.000"/>
  <system-out>
    <![CDATA[inconsisten bug]]>
  </system-out>
  <testcase classname="testngflags.Flag3" name="login" time="0.000"/>
  <system-out>
    <![CDATA[inconsisten bug]]>
  </system-out>
  <testcase classname="testngflags.Flag3" name="login" time="0.005"/>
  <system-out>
    <![CDATA[inconsisten bug]]>
  </system-out>
  <testcase classname="testngflags.Flag3" name="login" time="0.000"/>
  <system-out>
    <![CDATA[inconsisten bug]]>
  </system-out>
  <testcase classname="testngflags.Flag3" name="login" time="0.000"/>
  <system-out>
    <![CDATA[inconsisten bug]]>
  </system-out>
  <testcase classname="testngflags.Flag3" name="login" time="0.000"/>
  <system-out>
    <![CDATA[inconsisten bug]]>
  </system-out>
  <testcase classname="testngflags.Flag3" name="login" time="0.000"/>
  <system-out>
    <![CDATA[inconsisten bug]]>
  </system-out>
  <testcase classname="testngflags.Flag3" name="login" time="0.000"/>
  <system-out>
    <![CDATA[inconsisten bug]]>
  </system-out>
  <testcase classname="testngflags.Flag3" name="login" time="0.000"/>
  <system-out>
    <![CDATA[inconsisten bug]]>
  </system-out>
  <testcase classname="testngflags.Flag3" name="login" time="0.001"/>
  <system-out>
    <![CDATA[inconsisten bug]]>
  </system-out>
  <testcase classname="testngflags.Flag3" name="login" time="0.001"/>
  <system-out>
    <![CDATA[inconsisten bug]]>
  </system-out>
  <testcase classname="testngflags.Flag3" name="login" time="0.000"/>
  <system-out>
    <![CDATA[inconsisten bug]]>
  </system-out>
  <testcase classname="testngflags.Flag3" name="login" time="0.000"/>
  <system-out>
    <![CDATA[inconsisten bug]]>
  </system-out>
  <testcase classname="testngflags.Flag3" name="login" time="0.000"/>
  <system-out>
    <![CDATA[inconsisten bug]]>
  </system-out>
  <testcase classname="testngflags.Flag3" name="login" time="0.001"/>
  <system-out>
    <![CDATA[inconsisten bug]]>
  </system-out>
  <testcase classname="testngflags.Flag3" name="login" time="0.000"/>
  <system-out>
    <![CDATA[inconsisten bug]]>
  </system-out>
  <testcase classname="testngflags.Flag3" name="login" time="0.000"/>
  <system-out>
    <![CDATA[inconsisten bug]]>
  </system-out>
  <testcase classname="testngflags.Flag3" name="login" time="0.000"/>
  <system-out>
    <![CDATA[inconsisten bug]]>
  </system-out>
  <testcase classname="testngflags.Flag3" name="login" time="0.001"/>
  <system-out>
    <![CDATA[inconsisten bug]]>
  </system-out>
  <testcase classname="testngflags.Flag3" name="login" time="0.000"/>
  <system-out>
    <![CDATA[inconsisten bug]]>
  </system-out>
  <testcase classname="testngflags.Flag3" name="login" time="0.001"/>
  <system-out>
    <![CDATA[inconsisten bug]]>
  </system-out>
  <testcase classname="testngflags.Flag3" name="login" time="0.008"/>
  <system-out>
    <![CDATA[inconsisten bug]]>
  </system-out>
  <testcase classname="testngflags.Flag3" name="login" time="0.001"/>
  <system-out>
    <![CDATA[inconsisten bug]]>
  </system-out>
[...]
  <testcase classname="testngflags.Flag3" name="login" time="0.001"/>
  <system-out>
    <![CDATA[inconsisten bug]]>
  </system-out>
  <testcase classname="testngflags.Flag3" name="login" time="0.000"/>
  <system-out>
    <![CDATA[inconsisten bug]]>
  </system-out>
  <testcase classname="testngflags.Flag3" name="login" time="0.000"/>
  <system-out>
    <![CDATA[inconsisten bug]]>
  </system-out>
  <testcase classname="testngflags.Flag3" name="login" time="0.000"/>
  <system-out>
    <![CDATA[inconsisten bug]]>
  </system-out>
  <testcase classname="testngflags.Flag3" name="login" time="0.000"/>
  <system-out>
    <![CDATA[inconsisten bug]]>
  </system-out>
  <testcase classname="testngflags.Flag3" name="login" time="0.001"/>
  <system-out>
    <![CDATA[inconsisten bug]]>
  </system-out>
  <testcase classname="testngflags.Flag3" name="login" time="0.001"/>
  <system-out>
    <![CDATA[inconsisten bug]]>
  </system-out>
  <testcase classname="testngflags.Flag3" name="login" time="0.001"/>
  <system-out>
    <![CDATA[inconsisten bug]]>
  </system-out>
  <testcase classname="testngflags.Flag3" name="login" time="0.000"/>
  <system-out>
    <![CDATA[inconsisten bug]]>
  </system-out>
  <testcase classname="testngflags.Flag3" name="login" time="0.000"/>
  <system-out>
    <![CDATA[inconsisten bug]]>
  </system-out>
  <testcase classname="testngflags.Flag3" name="login" time="0.000"/>
  <system-out>
    <![CDATA[inconsisten bug]]>
  </system-out>
  <testcase classname="testngflags.Flag3" name="login" time="0.001"/>
  <system-out>
    <![CDATA[inconsisten bug]]>
  </system-out>
  <testcase classname="testngflags.Flag3" name="login" time="0.001"/>
  <system-out>
    <![CDATA[inconsisten bug]]>
  </system-out>
  <testcase classname="testngflags.Flag3" name="login" time="0.000"/>
  <system-out>
    <![CDATA[inconsisten bug]]>
  </system-out>
  <testcase classname="testngflags.Flag3" name="login" time="0.000"/>
  <system-out>
    <![CDATA[inconsisten bug]]>
  </system-out>
  <testcase classname="testngflags.Flag3" name="login" time="0.001"/>
  <system-out>
    <![CDATA[inconsisten bug]]>
  </system-out>
  <testcase classname="testngflags.Flag3" name="login" time="0.001"/>
  <system-out>
    <![CDATA[inconsisten bug]]>
  </system-out>
  <testcase classname="testngflags.Flag3" name="login" time="0.000"/>
  <system-out>
    <![CDATA[inconsisten bug]]>
  </system-out>
  <testcase classname="testngflags.Flag3" name="login" time="0.001"/>
  <system-out>
    <![CDATA[inconsisten bug]]>
  </system-out>
  <testcase classname="testngflags.Flag3" name="login" time="0.000"/>
  <system-out>
    <![CDATA[inconsisten bug]]>
  </system-out>
  <testcase classname="testngflags.Flag3" name="login" time="0.000"/>
  <system-out>
    <![CDATA[inconsisten bug]]>
  </system-out>
  <testcase classname="testngflags.Flag3" name="login" time="0.001"/>
  <system-out>
    <![CDATA[inconsisten bug]]>
  </system-out>
  <testcase classname="testngflags.Flag3" name="login" time="0.001"/>
  <system-out>
    <![CDATA[inconsisten bug]]>
  </system-out>
  <testcase classname="testngflags.Flag3" name="login" time="0.000"/>
  <system-out>
    <![CDATA[inconsisten bug]]>
  </system-out>
  <testcase classname="testngflags.Flag3" name="login" time="0.000"/>
  <system-out>
    <![CDATA[inconsisten bug]]>
  </system-out>
  <testcase classname="testngflags.Flag3" name="login" time="0.000"/>
  <system-out>
    <![CDATA[inconsisten bug]]>
  </system-out>
  <testcase classname="testngflags.Flag3" name="login" time="0.001"/>
  <system-out>
    <![CDATA[inconsisten bug]]>
  </system-out>
  <testcase classname="testngflags.Flag3" name="login" time="0.001"/>
  <system-out>
    <![CDATA[inconsisten bug]]>
  </system-out>
  <testcase classname="testngflags.Flag3" name="login" time="0.001"/>
  <system-out>
    <![CDATA[inconsisten bug]]>
  </system-out>
  <testcase classname="testngflags.Flag3" name="login" time="0.001"/>
  <system-out>
    <![CDATA[inconsisten bug]]>
  </system-out>
  <testcase classname="testngflags.Flag3" name="login" time="0.002"/>
  <system-out>
    <![CDATA[inconsisten bug]]>
  </system-out>
  <testcase classname="testngflags.Flag3" name="login" time="0.001"/>
  <system-out>
    <![CDATA[inconsisten bug]]>
  </system-out>
  <testcase classname="testngflags.Flag3" name="login" time="0.001"/>
  <system-out>
    <![CDATA[inconsisten bug]]>
  </system-out>
  <testcase classname="testngflags.Flag3" name="login" time="0.001"/>
  <system-out>
    <![CDATA[inconsisten bug]]>
  </system-out>
  <testcase classname="testngflags.Flag3" name="login" time="0.000"/>
  <system-out>
    <![CDATA[inconsisten bug]]>
  </system-out>
  <testcase classname="testngflags.Flag3" name="login" time="0.000"/>
  <system-out>
    <![CDATA[inconsisten bug]]>
  </system-out>
  <testcase classname="testngflags.Flag3" name="login" time="0.000"/>
  <system-out>
    <![CDATA[inconsisten bug]]>
  </system-out>
  <testcase classname="testngflags.Flag3" name="login" time="0.001"/>
  <system-out>
    <![CDATA[inconsisten bug]]>
  </system-out>
  <testcase classname="testngflags.Flag3" name="login" time="0.001"/>
  <system-out>
    <![CDATA[inconsisten bug]]>
  </system-out>
  <testcase classname="testngflags.Flag3" name="login" time="0.001"/>
  <system-out>
    <![CDATA[inconsisten bug]]>
  </system-out>
  <testcase classname="testngflags.Flag3" name="login" time="0.001"/>
  <system-out>
    <![CDATA[inconsisten bug]]>
  </system-out>
  <testcase classname="testngflags.Flag3" name="login" time="0.001"/>
  <system-out>
    <![CDATA[inconsisten bug]]>
  </system-out>
  <testcase classname="testngflags.Flag3" name="login" time="0.000"/>
  <system-out>
    <![CDATA[inconsisten bug]]>
  </system-out>
  <testcase classname="testngflags.Flag3" name="login" time="0.000"/>
  <system-out>
    <![CDATA[inconsisten bug]]>
  </system-out>
  <testcase classname="testngflags.Flag3" name="login" time="0.001"/>
  <system-out>
    <![CDATA[inconsisten bug]]>
  </system-out>
  <testcase classname="testngflags.Flag3" name="login" time="0.000"/>
  <system-out>
    <![CDATA[inconsisten bug]]>
  </system-out>
  <testcase classname="testngflags.Flag3" name="login" time="0.000"/>
  <system-out>
    <![CDATA[inconsisten bug]]>
  </system-out>
  <testcase classname="testngflags.Flag3" name="login" time="0.000"/>
  <system-out>
    <![CDATA[inconsisten bug]]>
  </system-out>
  <testcase classname="testngflags.Flag3" name="login" time="0.001"/>
  <system-out>
    <![CDATA[inconsisten bug]]>
  </system-out>
  <testcase classname="testngflags.Flag3" name="login" time="0.000"/>
  <system-out>
    <![CDATA[inconsisten bug]]>
  </system-out>
  <testcase classname="testngflags.Flag3" name="login" time="0.000"/>
  <system-out>
    <![CDATA[inconsisten bug]]>
  </system-out>
  <testcase classname="testngflags.Flag3" name="login" time="0.001"/>
  <system-out>
    <![CDATA[inconsisten bug]]>
  </system-out>
  <testcase classname="testngflags.Flag3" name="login" time="0.001"/>
  <system-out>
    <![CDATA[inconsisten bug]]>
  </system-out>
  <testcase classname="testngflags.Flag3" name="login" time="0.000"/>
  <system-out>
    <![CDATA[inconsisten bug]]>
  </system-out>
  <testcase classname="testngflags.Flag3" name="login" time="0.001"/>
  <system-out>
    <![CDATA[inconsisten bug]]>
  </system-out>
  <testcase classname="testngflags.Flag3" name="login" time="0.001"/>
  <system-out>
    <![CDATA[inconsisten bug]]>
  </system-out>
  <testcase classname="testngflags.Flag3" name="login" time="0.000"/>
  <system-out>
    <![CDATA[inconsisten bug]]>
  </system-out>
  <testcase classname="testngflags.Flag3" name="login" time="0.000"/>
  <system-out>
    <![CDATA[inconsisten bug]]>
  </system-out>
  <testcase classname="testngflags.Flag3" name="login" time="0.001"/>
  <system-out>
    <![CDATA[inconsisten bug]]>
  </system-out>
  <testcase classname="testngflags.Flag3" name="login" time="0.001"/>
  <system-out>
    <![CDATA[inconsisten bug]]>
  </system-out>
  <testcase classname="testngflags.Flag3" name="login" time="0.001"/>
  <system-out>
    <![CDATA[inconsisten bug]]>
  </system-out>
  <testcase classname="testngflags.Flag3" name="login" time="0.000"/>
  <system-out>
    <![CDATA[inconsisten bug]]>
  </system-out>
  <testcase classname="testngflags.Flag3" name="login" time="0.000"/>
  <system-out>
    <![CDATA[inconsisten bug]]>
  </system-out>
  <testcase classname="testngflags.Flag3" name="login" time="0.001"/>
  <system-out>
    <![CDATA[inconsisten bug]]>
  </system-out>
  <testcase classname="testngflags.Flag3" name="login" time="0.001"/>
  <system-out>
    <![CDATA[inconsisten bug]]>
  </system-out>
  <testcase classname="testngflags.Flag3" name="login" time="0.000"/>
  <system-out>
    <![CDATA[inconsisten bug]]>
  </system-out>
  <testcase classname="testngflags.Flag3" name="login" time="0.000"/>
  <system-out>
    <![CDATA[inconsisten bug]]>
  </system-out>
  <testcase classname="testngflags.Flag3" name="login" time="0.000"/>
  <system-out>
    <![CDATA[inconsisten bug]]>
  </system-out>
  <testcase classname="testngflags.Flag3" name="login" time="0.000"/>
  <system-out>
    <![CDATA[inconsisten bug]]>
  </system-out>
  <testcase classname="testngflags.Flag3" name="login" time="0.001"/>
  <system-out>
    <![CDATA[inconsisten bug]]>
  </system-out>
  <testcase classname="testngflags.Flag3" name="login" time="0.001"/>
  <system-out>
    <![CDATA[inconsisten bug]]>
  </system-out>
  <testcase classname="testngflags.Flag3" name="login" time="0.000"/>
  <system-out>
    <![CDATA[inconsisten bug]]>
  </system-out>
  <testcase classname="testngflags.Flag3" name="login" time="0.001"/>
  <system-out>
    <![CDATA[inconsisten bug]]>
  </system-out>
  <testcase classname="testngflags.Flag3" name="login" time="0.001"/>
  <system-out>
    <![CDATA[inconsisten bug]]>
  </system-out>
  <testcase classname="testngflags.Flag3" name="login" time="0.000"/>
  <system-out>
    <![CDATA[inconsisten bug]]>
  </system-out>
  <testcase classname="testngflags.Flag3" name="login" time="0.000"/>
  <system-out>
    <![CDATA[inconsisten bug]]>
  </system-out>
  <testcase classname="testngflags.Flag3" name="login" time="0.000"/>
  <system-out>
    <![CDATA[inconsisten bug]]>
  </system-out>
  <testcase classname="testngflags.Flag3" name="login" time="0.000"/>
  <system-out>
    <![CDATA[inconsisten bug]]>
  </system-out>
  <testcase classname="testngflags.Flag3" name="login" time="0.001"/>
  <system-out>
    <![CDATA[inconsisten bug]]>
  </system-out>
  <testcase classname="testngflags.Flag3" name="login" time="0.000"/>
  <system-out>
    <![CDATA[inconsisten bug]]>
  </system-out>
  <testcase classname="testngflags.Flag3" name="login" time="0.000"/>
  <system-out>
    <![CDATA[inconsisten bug]]>
  </system-out>
  <testcase classname="testngflags.Flag3" name="login" time="0.000"/>
  <system-out>
    <![CDATA[inconsisten bug]]>
  </system-out>
  <testcase classname="testngflags.Flag3" name="login" time="0.001"/>
  <system-out>
    <![CDATA[inconsisten bug]]>
  </system-out>
  <testcase classname="testngflags.Flag3" name="login" time="0.000"/>
  <system-out>
    <![CDATA[inconsisten bug]]>
  </system-out>
  <testcase classname="testngflags.Flag3" name="login" time="0.000"/>
  <system-out>
    <![CDATA[inconsisten bug]]>
  </system-out>
  <testcase classname="testngflags.Flag3" name="login" time="0.000"/>
  <system-out>
    <![CDATA[inconsisten bug]]>
  </system-out>
  <testcase classname="testngflags.Flag3" name="login" time="0.001"/>
  <system-out>
    <![CDATA[inconsisten bug]]>
  </system-out>
  <testcase classname="testngflags.Flag3" name="login" time="0.000"/>
  <system-out>
    <![CDATA[inconsisten bug]]>
  </system-out>
  <testcase classname="testngflags.Flag3" name="login" time="0.000"/>
  <system-out>
    <![CDATA[inconsisten bug]]>
  </system-out>
  <testcase classname="testngflags.Flag3" name="login" time="0.000"/>
  <system-out>
    <![CDATA[inconsisten bug]]>
  </system-out>
  <testcase classname="testngflags.Flag3" name="login" time="0.000"/>
  <system-out>
    <![CDATA[inconsisten bug]]>
  </system-out>
  <testcase classname="testngflags.Flag3" name="login" time="0.001"/>
  <system-out>
    <![CDATA[inconsisten bug]]>
  </system-out>
  <testcase classname="testngflags.Flag3" name="login" time="0.001"/>
  <system-out>
    <![CDATA[inconsisten bug]]>
  </system-out>
  <testcase classname="testngflags.Flag3" name="login" time="0.001"/>
  <system-out>
    <![CDATA[inconsisten bug]]>
  </system-out>
  <testcase classname="testngflags.Flag3" name="login" time="0.000"/>
  <system-out>
    <![CDATA[inconsisten bug]]>
  </system-out>
  <testcase classname="testngflags.Flag3" name="login" time="0.000"/>
  <system-out>
    <![CDATA[inconsisten bug]]>
  </system-out>
  <testcase classname="testngflags.Flag3" name="login" time="0.000"/>
  <system-out>
    <![CDATA[inconsisten bug]]>
  </system-out>
  <testcase classname="testngflags.Flag3" name="login" time="0.000"/>
  <system-out>
    <![CDATA[inconsisten bug]]>
  </system-out>
  <testcase classname="testngflags.Flag3" name="login" time="0.000"/>
  <system-out>
    <![CDATA[inconsisten bug]]>
  </system-out>
  <testcase classname="testngflags.Flag3" name="login" time="0.001"/>
  <system-out>
    <![CDATA[inconsisten bug]]>
  </system-out>
  <testcase classname="testngflags.Flag3" name="login" time="0.001"/>
  <system-out>
    <![CDATA[inconsisten bug]]>
  </system-out>
  <testcase classname="testngflags.Flag3" name="login" time="0.000"/>
  <system-out>
    <![CDATA[inconsisten bug]]>
  </system-out>
  <testcase classname="testngflags.Flag3" name="login" time="0.000"/>
  <system-out>
    <![CDATA[inconsisten bug]]>
  </system-out>
  <testcase classname="testngflags.Flag3" name="login" time="0.000"/>
  <system-out>
    <![CDATA[inconsisten bug]]>
  </system-out>
  <testcase classname="testngflags.Flag3" name="login" time="0.000"/>
  <system-out>
    <![CDATA[inconsisten bug]]>
  </system-out>
  <testcase classname="testngflags.Flag3" name="login" time="0.000"/>
  <system-out>
    <![CDATA[inconsisten bug]]>
  </system-out>
  <testcase classname="testngflags.Flag3" name="login" time="0.000"/>
  <system-out>
    <![CDATA[inconsisten bug]]>
  </system-out>
  <testcase classname="testngflags.Flag3" name="login" time="0.001"/>
  <system-out>
    <![CDATA[inconsisten bug]]>
  </system-out>
  <testcase classname="testngflags.Flag3" name="login" time="0.001"/>
  <system-out>
    <![CDATA[inconsisten bug]]>
  </system-out>
  <testcase classname="testngflags.Flag3" name="login" time="0.000"/>
  <system-out>
    <![CDATA[inconsisten bug]]>
  </system-out>
  <testcase classname="testngflags.Flag3" name="login" time="0.000"/>
  <system-out>
    <![CDATA[inconsisten bug]]>
  </system-out>
  <testcase classname="testngflags.Flag3" name="login" time="0.000"/>
  <system-out>
    <![CDATA[inconsisten bug]]>
  </system-out>
  <testcase classname="testngflags.Flag3" name="login" time="0.001"/>
  <system-out>
    <![CDATA[inconsisten bug]]>
  </system-out>
  <testcase classname="testngflags.Flag3" name="login" time="0.000"/>
  <system-out>
    <![CDATA[inconsisten bug]]>
  </system-out>
  <testcase classname="testngflags.Flag3" name="login" time="0.001"/>
  <system-out>
    <![CDATA[inconsisten bug]]>
  </system-out>
  <testcase classname="testngflags.Flag3" name="login" time="0.001"/>
  <system-out>
    <![CDATA[inconsisten bug]]>
  </system-out>
  <testcase classname="testngflags.Flag3" name="login" time="0.000"/>
  <system-out>
    <![CDATA[inconsisten bug]]>
  </system-out>
  <testcase classname="testngflags.Flag3" name="login" time="0.000"/>
  <system-out>
    <![CDATA[inconsisten bug]]>
  </system-out>
  <testcase classname="testngflags.Flag3" name="login" time="0.000"/>
  <system-out>
    <![CDATA[inconsisten bug]]>
  </system-out>
  <testcase classname="testngflags.Flag3" name="login" time="0.001"/>
  <system-out>
    <![CDATA[inconsisten bug]]>
  </system-out>
  <testcase classname="testngflags.Flag3" name="login" time="0.001"/>
  <system-out>
    <![CDATA[inconsisten bug]]>
  </system-out>
  <testcase classname="testngflags.Flag3" name="login" time="0.000"/>
  <system-out>
    <![CDATA[inconsisten bug]]>
  </system-out>
  <testcase classname="testngflags.Flag3" name="login" time="0.000"/>
  <system-out>
    <![CDATA[inconsisten bug]]>
  </system-out>
  <testcase classname="testngflags.Flag3" name="login" time="0.000"/>
  <system-out>
    <![CDATA[inconsisten bug]]>
  </system-out>
  <testcase classname="testngflags.Flag3" name="login" time="0.000"/>
  <system-out>
    <![CDATA[inconsisten bug]]>
  </system-out>
  <testcase classname="testngflags.Flag3" name="login" time="0.001"/>
  <system-out>
    <![CDATA[inconsisten bug]]>
  </system-out>
  <testcase classname="testngflags.Flag3" name="login" time="0.000"/>
  <system-out>
    <![CDATA[inconsisten bug]]>
  </system-out>
  <testcase classname="testngflags.Flag3" name="login" time="0.000"/>
  <system-out>
    <![CDATA[inconsisten bug]]>
  </system-out>
  <testcase classname="testngflags.Flag3" name="login" time="0.000"/>
  <system-out>
    <![CDATA[inconsisten bug]]>
  </system-out>
  <testcase classname="testngflags.Flag3" name="login" time="0.000"/>
  <system-out>
    <![CDATA[inconsisten bug]]>
  </system-out>
  <testcase classname="testngflags.Flag3" name="login" time="0.001"/>
  <system-out>
    <![CDATA[inconsisten bug]]>
  </system-out>
  <testcase classname="testngflags.Flag3" name="login" time="0.001"/>
  <system-out>
    <![CDATA[inconsisten bug]]>
  </system-out>
  <testcase classname="testngflags.Flag3" name="login" time="0.001"/>
  <system-out>
    <![CDATA[inconsisten bug]]>
  </system-out>
  <testcase classname="testngflags.Flag3" name="login" time="0.001"/>
  <system-out>
    <![CDATA[inconsisten bug]]>
  </system-out>
  <testcase classname="testngflags.Flag3" name="login" time="0.005"/>
  <system-out>
    <![CDATA[inconsisten bug]]>
  </system-out>
  <testcase classname="testngflags.Flag3" name="login" time="0.000"/>
  <system-out>
    <![CDATA[inconsisten bug]]>
  </system-out>
  <testcase classname="testngflags.Flag3" name="login" time="0.001"/>
  <system-out>
    <![CDATA[inconsisten bug]]>
  </system-out>
  <testcase classname="testngflags.Flag3" name="login" time="0.001"/>
  <system-out>
    <![CDATA[inconsisten bug]]>
  </system-out>
  <testcase classname="testngflags.Flag3" name="login" time="0.001"/>
  <system-out>
    <![CDATA[inconsisten bug]]>
  </system-out>
  <testcase classname="testngflags.Flag3" name="login" time="0.000"/>
  <system-out>
    <![CDATA[inconsisten bug]]>
  </system-out>
  <testcase classname="testngflags.Flag3" name="login" time="0.001"/>
  <system-out>
    <![CDATA[inconsisten bug]]>
  </system-out>
  <testcase classname="testngflags.Flag3" name="login" time="0.001"/>
  <system-out>
    <![CDATA[inconsisten bug]]>
  </system-out>
  <testcase classname="testngflags.Flag3" name="login" time="0.001"/>
  <system-out>
    <![CDATA[inconsisten bug]]>
  </system-out>
  <testcase classname="testngflags.Flag3" name="login" time="0.000"/>
  <system-out>
    <![CDATA[inconsisten bug]]>
  </system-out>
  <testcase classname="testngflags.Flag3" name="login" time="0.001"/>
  <system-out>
    <![CDATA[inconsisten bug]]>
  </system-out>
  <testcase classname="testngflags.Flag3" name="login" time="0.001"/>
  <system-out>
    <![CDATA[inconsisten bug]]>
  </system-out>
  <testcase classname="testngflags.Flag3" name="login" time="0.000"/>
  <system-out>
    <![CDATA[inconsisten bug]]>
  </system-out>
  <testcase classname="testngflags.Flag3" name="login" time="0.001"/>
  <system-out>
    <![CDATA[inconsisten bug]]>
  </system-out>
  <testcase classname="testngflags.Flag3" name="login" time="0.001"/>
  <system-out>
    <![CDATA[inconsisten bug]]>
  </system-out>
  <testcase classname="testngflags.Flag3" name="login" time="0.000"/>
  <system-out>
    <![CDATA[inconsisten bug]]>
  </system-out>
</testsuite> <!-- testngflags.Flag3 -->
