<?xml version="1.0" encoding="UTF-8"?>
<!-- Generated by org.testng.reporters.JUnitXMLReporter -->
<testsuite ignored="0" hostname="DESKTOP-O7R6489" failures="0" tests="5" name="Default test" time="83.207" errors="0" timestamp="2022-06-10T16:45:47 IST">
  <testcase classname="testAnnotations.DataProvioderCode" name="loginToActiTime" time="2.204"/>
  <testcase classname="testAnnotations.DataProvioderCode" name="loginToActiTime" time="2.184"/>
  <testcase classname="testAnnotations.DataProvioderCode" name="loginToActiTime" time="2.176"/>
  <testcase classname="testAnnotations.DataProvioderCode" name="loginToActiTime" time="2.184"/>
  <testcase classname="testAnnotations.DataProvioderCode" name="loginToActiTime" time="2.184"/>
</testsuite> <!-- Default test -->
