<?xml version="1.0" encoding="UTF-8"?>
<testng-results ignored="0" total="5" passed="5" failed="0" skipped="0">
  <reporter-output>
  </reporter-output>
  <suite started-at="2022-06-10T16:44:24 IST" name="Default suite" finished-at="2022-06-10T16:45:47 IST" duration-ms="83207">
    <groups>
    </groups>
    <test started-at="2022-06-10T16:44:24 IST" name="Default test" finished-at="2022-06-10T16:45:47 IST" duration-ms="83207">
      <class name="testAnnotations.DataProvioderCode">
        <test-method is-config="true" signature="setUp()[pri:0, instance:testAnnotations.DataProvioderCode@cad498c]" started-at="2022-06-10T16:44:24 IST" name="setUp" finished-at="2022-06-10T16:44:38 IST" duration-ms="14641" status="PASS">
          <reporter-output>
          </reporter-output>
        </test-method> <!-- setUp -->
        <test-method signature="loginToActiTime(java.lang.String,java.lang.String)[pri:0, instance:testAnnotations.DataProvioderCode@cad498c]" started-at="2022-06-10T16:44:38 IST" name="loginToActiTime" data-provider="testActiTimeData" finished-at="2022-06-10T16:44:40 IST" duration-ms="2204" status="PASS">
          <params>
            <param index="0">
              <value>
                <![CDATA[admin1]]>
              </value>
            </param>
            <param index="1">
              <value>
                <![CDATA[manager123]]>
              </value>
            </param>
          </params>
          <reporter-output>
          </reporter-output>
        </test-method> <!-- loginToActiTime -->
        <test-method is-config="true" signature="tearDown()[pri:0, instance:testAnnotations.DataProvioderCode@cad498c]" started-at="2022-06-10T16:44:40 IST" name="tearDown" finished-at="2022-06-10T16:44:41 IST" duration-ms="247" status="PASS">
          <reporter-output>
          </reporter-output>
        </test-method> <!-- tearDown -->
        <test-method is-config="true" signature="setUp()[pri:0, instance:testAnnotations.DataProvioderCode@cad498c]" started-at="2022-06-10T16:44:41 IST" name="setUp" finished-at="2022-06-10T16:44:55 IST" duration-ms="14052" status="PASS">
          <reporter-output>
          </reporter-output>
        </test-method> <!-- setUp -->
        <test-method signature="loginToActiTime(java.lang.String,java.lang.String)[pri:0, instance:testAnnotations.DataProvioderCode@cad498c]" started-at="2022-06-10T16:44:55 IST" name="loginToActiTime" data-provider="testActiTimeData" finished-at="2022-06-10T16:44:57 IST" duration-ms="2184" status="PASS">
          <params>
            <param index="0">
              <value>
                <![CDATA[ad min]]>
              </value>
            </param>
            <param index="1">
              <value>
                <![CDATA[manager 123]]>
              </value>
            </param>
          </params>
          <reporter-output>
          </reporter-output>
        </test-method> <!-- loginToActiTime -->
        <test-method is-config="true" signature="tearDown()[pri:0, instance:testAnnotations.DataProvioderCode@cad498c]" started-at="2022-06-10T16:44:57 IST" name="tearDown" finished-at="2022-06-10T16:44:57 IST" duration-ms="257" status="PASS">
          <reporter-output>
          </reporter-output>
        </test-method> <!-- tearDown -->
        <test-method is-config="true" signature="setUp()[pri:0, instance:testAnnotations.DataProvioderCode@cad498c]" started-at="2022-06-10T16:44:57 IST" name="setUp" finished-at="2022-06-10T16:45:11 IST" duration-ms="13938" status="PASS">
          <reporter-output>
          </reporter-output>
        </test-method> <!-- setUp -->
        <test-method signature="loginToActiTime(java.lang.String,java.lang.String)[pri:0, instance:testAnnotations.DataProvioderCode@cad498c]" started-at="2022-06-10T16:45:11 IST" name="loginToActiTime" data-provider="testActiTimeData" finished-at="2022-06-10T16:45:13 IST" duration-ms="2176" status="PASS">
          <params>
            <param index="0">
              <value>
                <![CDATA[xyz123]]>
              </value>
            </param>
            <param index="1">
              <value>
                <![CDATA[$#4123]]>
              </value>
            </param>
          </params>
          <reporter-output>
          </reporter-output>
        </test-method> <!-- loginToActiTime -->
        <test-method is-config="true" signature="tearDown()[pri:0, instance:testAnnotations.DataProvioderCode@cad498c]" started-at="2022-06-10T16:45:13 IST" name="tearDown" finished-at="2022-06-10T16:45:14 IST" duration-ms="248" status="PASS">
          <reporter-output>
          </reporter-output>
        </test-method> <!-- tearDown -->
        <test-method is-config="true" signature="setUp()[pri:0, instance:testAnnotations.DataProvioderCode@cad498c]" started-at="2022-06-10T16:45:14 IST" name="setUp" finished-at="2022-06-10T16:45:28 IST" duration-ms="14033" status="PASS">
          <reporter-output>
          </reporter-output>
        </test-method> <!-- setUp -->
        <test-method signature="loginToActiTime(java.lang.String,java.lang.String)[pri:0, instance:testAnnotations.DataProvioderCode@cad498c]" started-at="2022-06-10T16:45:28 IST" name="loginToActiTime" data-provider="testActiTimeData" finished-at="2022-06-10T16:45:30 IST" duration-ms="2184" status="PASS">
          <params>
            <param index="0">
              <value>
                <![CDATA[123]]>
              </value>
            </param>
            <param index="1">
              <value>
                <![CDATA[admin]]>
              </value>
            </param>
          </params>
          <reporter-output>
          </reporter-output>
        </test-method> <!-- loginToActiTime -->
        <test-method is-config="true" signature="tearDown()[pri:0, instance:testAnnotations.DataProvioderCode@cad498c]" started-at="2022-06-10T16:45:30 IST" name="tearDown" finished-at="2022-06-10T16:45:30 IST" duration-ms="307" status="PASS">
          <reporter-output>
          </reporter-output>
        </test-method> <!-- tearDown -->
        <test-method is-config="true" signature="setUp()[pri:0, instance:testAnnotations.DataProvioderCode@cad498c]" started-at="2022-06-10T16:45:30 IST" name="setUp" finished-at="2022-06-10T16:45:44 IST" duration-ms="14195" status="PASS">
          <reporter-output>
          </reporter-output>
        </test-method> <!-- setUp -->
        <test-method signature="loginToActiTime(java.lang.String,java.lang.String)[pri:0, instance:testAnnotations.DataProvioderCode@cad498c]" started-at="2022-06-10T16:45:44 IST" name="loginToActiTime" data-provider="testActiTimeData" finished-at="2022-06-10T16:45:46 IST" duration-ms="2184" status="PASS">
          <params>
            <param index="0">
              <value>
                <![CDATA[123]]>
              </value>
            </param>
            <param index="1">
              <value>
                <![CDATA[admin]]>
              </value>
            </param>
          </params>
          <reporter-output>
          </reporter-output>
        </test-method> <!-- loginToActiTime -->
        <test-method is-config="true" signature="tearDown()[pri:0, instance:testAnnotations.DataProvioderCode@cad498c]" started-at="2022-06-10T16:45:46 IST" name="tearDown" finished-at="2022-06-10T16:45:47 IST" duration-ms="300" status="PASS">
          <reporter-output>
          </reporter-output>
        </test-method> <!-- tearDown -->
      </class> <!-- testAnnotations.DataProvioderCode -->
    </test> <!-- Default test -->
  </suite> <!-- Default suite -->
</testng-results>
